Initialization done! Doing GP now...
gen	evals	std                                                     	min             	avg                                                          	max                                                          
0  	33   	[0.21830709 8.02818726 5.29739961 4.97431419 6.33862328]	[0. 2. 1. 0. 0.]	[ 0.54447864 16.81818182 11.42424242  9.27272727 11.06060606]	[ 0.92336316 29.         19.         17.         24.        ]
1  	33   	[0.21257466 8.34858109 5.47236148 4.82722612 5.94433931]	[0. 2. 1. 0. 0.]	[ 0.57931746 15.24242424 10.15151515  8.03030303  8.75757576]	[ 0.92336316 29.         21.         16.         20.        ]
2  	33   	[0.20089588 9.0026014  5.78589527 5.31436019 6.39257489]	[0.20412415 2.         1.         0.         0.        ]	[ 0.63140981 15.27272727  9.90909091  8.          9.27272727]	[ 0.98116016 30.         19.         18.         23.        ]
3  	33   	[0.18802347 9.08464431 5.85562447 5.66723381 6.41880845]	[0.20412415 2.         1.         0.         0.        ]	[ 0.69515075 17.21212121 11.21212121  8.93939394 10.36363636]	[ 0.98495947 30.         20.         21.         22.        ]
4  	33   	[0.19658635 9.37681724 6.1828579  5.86972122 6.34253355]	[0.20412415 2.         1.         0.         0.        ]	[ 0.6961473  16.87878788 10.78787879  8.6969697   9.87878788]	[ 0.98495947 30.         20.         21.         22.        ]
5  	33   	[0.19368273 9.03203156 5.93645567 5.71611869 5.97438671]	[0.20412415 2.         1.         0.         0.        ]	[ 0.68086614 15.75757576 10.03030303  7.84848485  8.93939394]	[ 0.98495947 30.         20.         21.         22.        ]
6  	33   	[0.17823248 6.47918189 4.30409718 4.42528008 4.83691802]	[0.20412415 2.         1.         0.         0.        ]	[ 0.61909053 11.66666667  7.33333333  5.51515152  6.57575758]	[ 0.98495947 30.         20.         21.         22.        ]
7  	33   	[0.19381938 7.24578342 4.68689046 5.12291526 5.01531172]	[0.20412415 2.         1.         0.         0.        ]	[ 0.61601344 11.27272727  7.18181818  5.57575758  6.42424242]	[ 0.98495947 30.         20.         21.         22.        ]
8  	33   	[0.19089849 7.28534259 4.77212598 5.23988378 5.01531172]	[0.20412415 2.         1.         0.         0.        ]	[ 0.62448246 11.21212121  7.12121212  5.42424242  6.42424242]	[ 0.98495947 30.         20.         21.         22.        ]
9  	33   	[0.17896793 7.8394121  5.07374451 5.56207148 5.3190235 ]	[0.20412415 2.         1.         0.         0.        ]	[ 0.67163481 12.75757576  7.87878788  6.18181818  7.63636364]	[ 0.98549441 30.         20.         21.         22.        ]
10 	33   	[0.18751287 8.31485555 5.26331448 5.78129087 5.79319128]	[0.20412415 2.         1.         0.         0.        ]	[ 0.68498531 13.21212121  8.45454545  7.03030303  8.12121212]	[ 0.98549441 30.         20.         21.         22.        ]
11 	33   	[0.19059289 8.35913361 5.26296554 5.77223015 5.81249722]	[0.20412415 2.         1.         0.         0.        ]	[ 0.68526847 13.39393939  8.42424242  6.87878788  7.81818182]	[ 0.98549441 30.         20.         21.         22.        ]
12 	33   	[0.19439641 8.48441557 5.30675194 5.78890995 5.83347107]	[0.20412415 2.         1.         0.         0.        ]	[ 0.67676529 13.21212121  8.33333333  6.60606061  7.6969697 ]	[ 0.98549441 30.         20.         21.         22.        ]
13 	33   	[0.20476808 8.26067498 5.39887415 5.70357451 5.87206739]	[0.20412415 2.         1.         0.         0.        ]	[ 0.6703598  12.39393939  7.93939394  6.21212121  7.39393939]	[ 0.98549441 30.         20.         21.         22.        ]
14 	33   	[0.19453065 6.91041986 4.81637092 4.35099178 4.19912974]	[0.20412415 2.         1.         0.         0.        ]	[ 0.64710783 10.93939394  7.12121212  5.09090909  6.06060606]	[ 0.99999989 29.         20.         16.         18.        ]
15 	33   	[0.18081704 6.9068311  4.83064901 4.38337287 4.44329645]	[0.20412415 2.         1.         0.         0.        ]	[ 0.66874071 11.51515152  7.57575758  5.57575758  6.78787879]	[ 0.99999989 29.         20.         16.         18.        ]
16 	33   	[0.19205241 6.99074556 4.9875879  4.61243578 4.40343801]	[0.20412415 2.         1.         0.         0.        ]	[ 0.669266   11.09090909  7.18181818  5.24242424  6.60606061]	[ 0.99999989 29.         20.         16.         18.        ]
The found oracle is/are:  (<qiskit.circuit.quantumcircuit.QuantumCircuit object at 0x2aaac0d25670>, [0.9999998868, 20, 15, 14, 18], Statevector([ 4.23528730e-05+6.41463491e-05j,
             -1.49784414e-05-9.37274380e-05j,
             -9.18833632e-05+6.10639124e-05j,
              1.32673983e-01-3.86064443e-01j,
             -2.40539940e-05+1.75533450e-05j,
              1.32733691e-01-3.86064398e-01j,
              1.32728020e-01-3.86105174e-01j,
              4.92499541e-05-1.37867279e-05j,
             -6.05795181e-05-1.04162774e-04j,
              1.32724160e-01-3.86036637e-01j,
              1.32770605e-01-3.86229229e-01j,
              5.40369882e-05-4.33322178e-05j,
              1.32799911e-01-3.85897604e-01j,
              2.96954821e-05-1.25287543e-04j,
              9.07725202e-07-1.81796979e-05j,
             -3.94734047e-05+3.02348075e-04j],
            dims=(2, 2, 2, 2)))
GP, Selection, Overall duration:  4055.5607585906982 21.36656928062439 4076.9273278713226
[('Rotate X', [2], [0.40591177695747704]), ('Rotate YY', array([3, 2]), [0.7035713279130908]), ('Rotate XX', array([1, 0]), [0.00015411853823876775]), ('Rotate Z', [0], [0.7114084841684223]), ('Swap', array([0, 3])), ('Not', [2]), ('Pauli Z', [0]), ('Rotate YY', array([3, 2]), [0.4572055300077241]), ('Rotate YY', array([0, 3]), [0.18942916555703126]), ('Controlled U', array([0, 1]), [0.8793381415110357, 0.778429451039712, 0.6992979087988622, 0.8385458021071197]), ('Controlled Not', array([3, 0])), ('Controlled Z', array([2, 3])), ('Hadamard', [2]), ('Controlled U', array([2, 3]), [0.7328316438106093, 0.5564900654445227, 0.4373831424016875, 0.5631622078653573]), ('Controlled Z', array([1, 0])), ('Rotate Y', [2], [0.5882944514790825]), ('Rotate ZZ', array([1, 2]), [0.8887956153535356]), ('Rotate ZZ', array([1, 3]), [0.7959985863697164]), ('Rotate YY', array([3, 2]), [0.5156427817672287]), ('Controlled Z', array([2, 3]))] (0.9999998868, 20.0, 15.0, 14.0, 18.0)
[('Hadamard', [3]), ('Rotate Y', [1], [0.4636248018984279]), ('Rotate Y', [1], [0.19960634629330287]), ('Rotate Y', [3], [0.5313761960466669]), ('Rotate X', [0], [0.4170171437232867]), ('Hadamard', [1]), ('Controlled Y', array([0, 3])), ('Not', [3]), ('Rotate ZZ', array([2, 3]), [0.617954056733575]), ('Rotate XX', array([3, 1]), [0.20870993524276238]), ('Controlled Y', array([2, 0])), ('Rotate XX', array([1, 0]), [0.5031584006773088]), ('Rotate Z', [3], [0.02017847834407205]), ('Controlled Not', array([2, 0])), ('Controlled Y', array([1, 0])), ('Rotate ZZ', array([2, 3]), [0.617954056733575]), ('Rotate XX', array([3, 1]), [0.20870993524276238]), ('Controlled Y', array([2, 0])), ('Rotate YY', array([1, 2]), [0.8378188004892193]), ('Controlled Z', array([0, 2])), ('Rotate YY', array([1, 2]), [0.8378188004892193]), ('Rotate Z', [2], [0.5709024787777909]), ('Pauli Y', [2]), ('Hadamard', [2]), ('Rotate YY', array([0, 3]), [0.8140389679558709]), ('Not', [2]), ('Controlled Not', array([2, 0])), ('Controlled Y', array([1, 0])), ('Not', [3])] (0.9970571147, 29.0, 19.0, 16.0, 14.0)
[('Hadamard', [3]), ('Rotate Y', [3], [0.17707018956684595]), ('Hadamard', [3]), ('Controlled Not', array([2, 1])), ('Rotate YY', array([3, 0]), [0.41691746235786165]), ('Rotate X', [3], [0.8211722778112244]), ('Rotate Y', [1], [0.5059302516874435]), ('Rotate XX', array([0, 2]), [0.25020160873142405]), ('Controlled Y', array([0, 1])), ('Controlled Y', array([2, 0])), ('Rotate XX', array([3, 1]), [0.20870993524276238]), ('Rotate XX', array([1, 0]), [0.5031584006773088]), ('Rotate Z', [3], [0.02017847834407205]), ('Controlled U', array([2, 3]), [0.7328316438106093, 0.5564900654445227, 0.4373831424016875, 0.5631622078653573]), ('Controlled Z', array([1, 0])), ('Rotate Y', [2], [0.5882944514790825]), ('Rotate ZZ', array([1, 2]), [0.8887956153535356]), ('Rotate ZZ', array([1, 3]), [0.7959985863697164]), ('Rotate YY', array([3, 2]), [0.5156427817672287]), ('Controlled Z', array([2, 3]))] (0.9533880059, 20.0, 14.0, 13.0, 16.0)
[('Rotate ZZ', array([2, 1]), [0.8960180505403238]), ('Rotate XX', array([3, 0]), [0.7763600808089371]), ('Not', [1]), ('Rotate Y', [2], [0.32899630019201864]), ('Pauli Y', [3]), ('Controlled Not', array([1, 3])), ('Controlled U', array([3, 1]), [0.8205464010623236, 0.5456023637547729, 0.9221200241554611, 0.25202239153274253]), ('Rotate XX', array([0, 2]), [0.25020160873142405]), ('Controlled Y', array([0, 1])), ('Hadamard', [2]), ('Rotate YY', array([0, 3]), [0.8140389679558709]), ('Rotate YY', array([2, 1]), [0.9923371725881786]), ('Rotate Y', [1], [0.5059302516874435]), ('Rotate X', [1], [0.3411013602745451])] (0.9341723584, 14.0, 8.0, 8.0, 12.0)
[('Rotate YY', array([3, 2]), [0.7035713279130908]), ('Hadamard', [3]), ('Swap', array([3, 2])), ('Controlled Not', array([2, 1])), ('Rotate YY', array([3, 0]), [0.41691746235786165]), ('Rotate X', [3], [0.8211722778112244]), ('Controlled Y', array([3, 2])), ('Hadamard', [1]), ('Controlled Z', array([0, 3])), ('Rotate Z', [2], [0.011787875872187659]), ('Pauli Y', [3]), ('Controlled Y', array([2, 3])), ('Swap', array([2, 3])), ('Controlled Not', array([1, 0])), ('Rotate Z', [3], [0.3101514074381563]), ('Pauli Z', [1]), ('Controlled Y', array([3, 0])), ('Swap', array([3, 0])), ('Controlled Z', array([0, 1])), ('Rotate Z', [0], [0.7770444088802924]), ('Pauli Z', [1]), ('Rotate YY', array([2, 0]), [0.9362116953039412]), ('Swap', array([1, 0])), ('Rotate Z', [3], [0.2616810074258549]), ('Not', [0]), ('Rotate Y', [2], [0.2898372729673788]), ('Rotate X', [0], [0.15199336973809519]), ('Controlled Not', array([3, 0]))] (0.9128709289, 28.0, 20.0, 15.0, 10.0)
[('Rotate X', [2], [0.40591177695747704]), ('Pauli Z', [0]), ('Rotate YY', array([0, 1]), [0.2579446234308871]), ('Rotate XX', array([2, 0]), [0.9344457475916789]), ('Rotate Z', [0], [0.7114084841684223]), ('Swap', array([0, 3])), ('Not', [2]), ('Rotate YY', array([0, 1]), [0.2579446234308871]), ('Rotate XX', array([2, 0]), [0.9344457475916789]), ('Rotate Z', [0], [0.7114084841684223]), ('Pauli Z', [0]), ('Swap', array([0, 3])), ('Pauli Z', [3])] (0.9128706786, 13.0, 11.0, 6.0, 7.0)
[('Hadamard', [3]), ('Controlled Z', array([2, 0])), ('Controlled Z', array([1, 0])), ('Controlled Not', array([1, 2])), ('Pauli Z', [2]), ('Controlled Y', array([1, 3])), ('Not', [2]), ('Controlled Z', array([3, 2])), ('Rotate Y', [1], [0.8221125600452593]), ('Pauli Z', [0]), ('Rotate XX', array([2, 1]), [0.006942599040878905]), ('Rotate XX', array([3, 0]), [0.9065084171924898]), ('Pauli Z', [0]), ('Controlled Y', array([1, 3])), ('Rotate ZZ', array([3, 2]), [0.6870423275154213]), ('Hadamard', [2]), ('Controlled Z', array([0, 3])), ('Rotate ZZ', array([0, 2]), [0.18428767519084377]), ('Hadamard', [3]), ('Pauli Z', [2]), ('Rotate Z', [1], [0.3733356106092074]), ('Pauli Y', [0]), ('Controlled Y', array([2, 0]))] (0.9128437682, 23.0, 13.0, 12.0, 6.0)
[('Hadamard', [2]), ('Rotate XX', array([3, 0]), [0.7763600808089371]), ('Rotate ZZ', array([2, 1]), [0.8960180505403238]), ('Rotate Y', [2], [0.32899630019201864]), ('Pauli Y', [3]), ('Rotate YY', array([2, 1]), [0.9923371725881786]), ('Controlled U', array([3, 1]), [0.8205464010623236, 0.5456023637547729, 0.9221200241554611, 0.25202239153274253]), ('Rotate XX', array([0, 2]), [0.25020160873142405]), ('Controlled Y', array([0, 1])), ('Rotate Z', [2], [0.23281114113635448]), ('Rotate X', [3], [0.4534162096219707]), ('Controlled Not', array([1, 3])), ('Rotate Y', [1], [0.5059302516874435]), ('Rotate X', [1], [0.3411013602745451])] (0.8236483041, 14.0, 9.0, 7.0, 13.0)
[('Rotate X', [2], [0.40591177695747704]), ('Rotate XX', array([0, 3]), [0.1481123180198416]), ('Rotate ZZ', array([3, 0]), [0.6297756503762763]), ('Swap', array([2, 0])), ('Not', [1]), ('Rotate X', [1], [0.10495524800025047]), ('Controlled Not', array([1, 0])), ('Hadamard', [3]), ('Rotate Y', [0], [0.13141150339246332]), ('Rotate ZZ', array([2, 1]), [0.40205893707682117]), ('Rotate YY', array([1, 2]), [0.8516125556592358]), ('Swap', array([1, 2])), ('Rotate XX', array([0, 2]), [0.5167233896076472]), ('Hadamard', [3]), ('Controlled Z', array([2, 3]))] (0.8164965809, 15.0, 9.0, 9.0, 8.0)
[('Rotate ZZ', array([2, 1]), [0.8960180505403238]), ('Rotate XX', array([3, 0]), [0.7763600808089371]), ('Not', [1]), ('Rotate Y', [2], [0.32899630019201864]), ('Pauli Y', [3]), ('Controlled Not', array([1, 3])), ('Controlled U', array([3, 1]), [0.8205464010623236, 0.5456023637547729, 0.9221200241554611, 0.25202239153274253]), ('Rotate XX', array([0, 2]), [0.25020160873142405]), ('Controlled Y', array([0, 1])), ('Rotate Z', [2], [0.011787875872187659]), ('Controlled Y', array([2, 3])), ('Rotate Y', [1], [0.5059302516874435]), ('Rotate X', [1], [0.3411013602745451])] (0.8164965808, 13.0, 7.0, 7.0, 11.0)
[('Controlled Z', array([2, 0])), ('Rotate YY', array([0, 1]), [0.2579446234308871]), ('Rotate XX', array([2, 0]), [0.9344457475916789]), ('Pauli Z', [2]), ('Rotate Y', [2], [0.8976522293121496]), ('Pauli Z', [2]), ('Not', [1]), ('Rotate YY', array([0, 1]), [0.2579446234308871]), ('Rotate XX', array([2, 0]), [0.9344457475916789]), ('Rotate Z', [0], [0.7114084841684223]), ('Pauli Z', [0]), ('Swap', array([0, 3])), ('Pauli Z', [3])] (0.7071067809, 13.0, 11.0, 6.0, 6.0)
[('Rotate YY', array([3, 2]), [0.7035713279130908]), ('Swap', array([3, 2])), ('Hadamard', [3]), ('Controlled Not', array([2, 1])), ('Rotate YY', array([3, 0]), [0.41691746235786165]), ('Rotate X', [3], [0.8211722778112244]), ('Controlled Y', array([3, 2])), ('Hadamard', [1]), ('Controlled Z', array([0, 3])), ('Rotate Z', [2], [0.011787875872187659]), ('Pauli Y', [3]), ('Rotate YY', array([2, 1]), [0.9923371725881786]), ('Rotate Y', [1], [0.5059302516874435]), ('Rotate X', [1], [0.3411013602745451])] (0.6969234249, 14.0, 10.0, 7.0, 7.0)
[('Rotate YY', array([3, 2]), [0.7035713279130908]), ('Rotate XX', array([3, 0]), [0.7763600808089371]), ('Not', [1]), ('Rotate Y', [2], [0.32899630019201864]), ('Pauli Y', [3]), ('Controlled Not', array([0, 1])), ('Rotate YY', array([0, 3]), [0.296526965363067]), ('Hadamard', [1]), ('Rotate X', [2], [0.4383804387756498]), ('Rotate Y', [2], [0.9977945123826913]), ('Pauli Z', [3]), ('Controlled U', array([3, 1]), [0.6099748608172622, 0.6330049433273505, 0.9980708044886806, 0.3783041120877958]), ('Swap', array([2, 0])), ('Rotate X', [1], [0.3411013602745451])] (0.6709153917, 14.0, 7.0, 6.0, 11.0)
[('Rotate X', [2], [0.40591177695747704]), ('Rotate YY', array([3, 2]), [0.7035713279130908]), ('Rotate XX', array([1, 0]), [0.00015411853823876775]), ('Hadamard', [3]), ('Rotate Y', [0], [0.13141150339246332]), ('Rotate ZZ', array([2, 1]), [0.40205893707682117]), ('Rotate YY', array([1, 2]), [0.8516125556592358]), ('Swap', array([1, 2])), ('Rotate XX', array([0, 2]), [0.5167233896076472]), ('Hadamard', [3]), ('Controlled Z', array([2, 3]))] (0.6605596329, 11.0, 7.0, 7.0, 7.0)
[('Controlled U', array([0, 1]), [0.8851029157894592, 0.5823765733925087, 0.882085538241489, 0.7682620003707101]), ('Controlled Z', array([2, 0])), ('Rotate YY', array([0, 1]), [0.2579446234308871]), ('Rotate XX', array([2, 0]), [0.9344457475916789]), ('Rotate Z', [0], [0.7114084841684223]), ('Swap', array([0, 3])), ('Pauli Z', [3])] (0.6605596098, 7.0, 7.0, 5.0, 7.0)
[('Pauli Z', [2]), ('Rotate Y', [2], [0.8976522293121496]), ('Pauli Z', [2]), ('Rotate XX', array([0, 3]), [0.1481123180198416]), ('Rotate ZZ', array([3, 0]), [0.6297756503762763]), ('Swap', array([2, 0])), ('Not', [1]), ('Rotate YY', array([0, 1]), [0.2579446234308871]), ('Rotate XX', array([2, 0]), [0.9344457475916789]), ('Rotate Z', [0], [0.7114084841684223]), ('Pauli Z', [0]), ('Swap', array([0, 3])), ('Pauli Z', [3])] (0.6605596098, 13.0, 10.0, 6.0, 6.0)
[('Rotate X', [2], [0.40591177695747704]), ('Pauli Z', [0]), ('Rotate YY', array([0, 1]), [0.2579446234308871]), ('Rotate XX', array([2, 0]), [0.9344457475916789]), ('Rotate Z', [0], [0.7114084841684223]), ('Swap', array([0, 3])), ('Pauli Z', [3])] (0.6605596096, 7.0, 6.0, 3.0, 4.0)
[('Controlled U', array([0, 1]), [0.8851029157894592, 0.5823765733925087, 0.882085538241489, 0.7682620003707101]), ('Controlled Z', array([2, 0])), ('Rotate Y', [1], [0.19960634629330287]), ('Not', [2]), ('Rotate Y', [3], [0.5313761960466669]), ('Rotate X', [0], [0.4170171437232867]), ('Rotate Y', [2], [0.32899630019201864]), ('Controlled Y', array([0, 3])), ('Hadamard', [0])] (0.6454972244, 9.0, 5.0, 3.0, 8.0)
[('Rotate X', [2], [0.40591177695747704]), ('Pauli Z', [0]), ('Rotate Y', [1], [0.19960634629330287]), ('Rotate Y', [1], [0.19960634629330287]), ('Not', [2]), ('Rotate Y', [3], [0.5313761960466669]), ('Rotate X', [0], [0.4170171437232867]), ('Rotate Y', [2], [0.32899630019201864]), ('Controlled Y', array([0, 3])), ('Hadamard', [0])] (0.6454972243, 10.0, 4.0, 1.0, 6.0)
[('Rotate X', [2], [0.40591177695747704]), ('Pauli Z', [0]), ('Rotate Y', [1], [0.19960634629330287]), ('Controlled Not', array([2, 1])), ('Not', [2]), ('Rotate Y', [3], [0.5313761960466669]), ('Rotate X', [0], [0.4170171437232867]), ('Rotate Y', [2], [0.32899630019201864]), ('Controlled Y', array([0, 3])), ('Hadamard', [0])] (0.6454972242, 10.0, 4.0, 2.0, 5.0)
[('Controlled Y', array([1, 3])), ('Swap', array([2, 3])), ('Rotate X', [2], [0.6358662265993588]), ('Rotate X', [1], [0.8090831752595101]), ('Controlled Not', array([3, 0])), ('Controlled Y', array([2, 1])), ('Pauli Y', [2]), ('Pauli Y', [2]), ('Controlled Not', array([2, 0])), ('Hadamard', [2]), ('Rotate YY', array([0, 3]), [0.8140389679558709]), ('Not', [2]), ('Controlled Not', array([2, 0])), ('Controlled Y', array([1, 0])), ('Not', [3])] (0.6454972242, 15.0, 11.0, 8.0, 3.0)
[('Rotate X', [3], [0.373866875333436]), ('Rotate YY', array([1, 2]), [0.8516125556592358]), ('Rotate XX', array([0, 2]), [0.5167233896076472]), ('Controlled U', array([0, 1]), [0.8851029157894592, 0.5823765733925087, 0.882085538241489, 0.7682620003707101]), ('Hadamard', [1]), ('Pauli Z', [2])] (0.6230935286, 6.0, 4.0, 3.0, 7.0)
[('Rotate X', [2], [0.40591177695747704]), ('Controlled Z', array([2, 0])), ('Rotate Y', [1], [0.19960634629330287]), ('Controlled Not', array([2, 1])), ('Not', [2]), ('Rotate Y', [3], [0.5313761960466669]), ('Rotate X', [0], [0.4170171437232867]), ('Rotate Y', [2], [0.32899630019201864]), ('Hadamard', [0])] (0.6123724356, 9.0, 5.0, 2.0, 5.0)
[('Rotate Z', [0], [0.6821657008544711]), ('Rotate Y', [1], [0.4636248018984279]), ('Not', [1]), ('Rotate X', [0], [0.4170171437232867]), ('Controlled Y', array([0, 3])), ('Not', [3]), ('Hadamard', [2])] (0.5773502692, 7.0, 4.0, 1.0, 3.0)
[('Hadamard', [2]), ('Not', [3]), ('Rotate Y', [1], [0.19960634629330287]), ('Rotate Y', [1], [0.4636248018984279]), ('Not', [1]), ('Rotate X', [0], [0.4170171437232867]), ('Controlled Y', array([0, 3]))] (0.5773502691, 7.0, 3.0, 1.0, 3.0)
[('Hadamard', [0]), ('Pauli Y', [1]), ('Not', [3]), ('Controlled U', array([0, 1]), [0.8851029157894592, 0.5823765733925087, 0.882085538241489, 0.7682620003707101]), ('Hadamard', [1]), ('Pauli Z', [2])] (0.4927992798, 6.0, 3.0, 1.0, 4.0)
[('Rotate YY', array([0, 3]), [0.528644756647742]), ('Rotate YY', array([3, 2]), [0.7035713279130908])] (0.4714045208, 2.0, 2.0, 2.0, 2.0)
[('Hadamard', [2]), ('Controlled Y', array([0, 3])), ('Rotate Y', [3], [0.5313761960466669]), ('Rotate Y', [1], [0.19960634629330287])] (0.4670861794, 4.0, 2.0, 1.0, 2.0)
[('Hadamard', [3]), ('Rotate Y', [1], [0.4636248018984279]), ('Hadamard', [0])] (0.4564354645, 3.0, 1.0, 0.0, 1.0)
[('Rotate Z', [0], [0.6821657008544711]), ('Rotate YY', array([0, 3]), [0.528644756647742])] (0.4082482905, 2.0, 2.0, 1.0, 2.0)
[('Rotate Z', [0], [0.6821657008544711]), ('Rotate YY', array([1, 0]), [0.31311377275276353])] (0.4082482905, 2.0, 2.0, 1.0, 2.0)
[('Pauli Z', [2]), ('Not', [3]), ('Pauli Z', [3]), ('Not', [2]), ('Swap', array([0, 3])), ('Pauli Z', [3])] (0.4082482905, 6.0, 4.0, 1.0, 0.0)
[('Rotate X', [2], [0.40591177695747704]), ('Not', [1])] (0.4082482904, 2.0, 1.0, 0.0, 1.0)
[('Hadamard', [2]), ('Controlled Not', array([2, 1]))] (0.2886751346, 2.0, 2.0, 1.0, 0.0)
[('Hadamard', [0]), ('Not', [0]), ('Pauli Z', [3]), ('Pauli Z', [2]), ('Not', [3])] (0.2886751346, 5.0, 2.0, 0.0, 0.0)
[('Hadamard', [2]), ('Hadamard', [0])] (0.2041241452, 2.0, 1.0, 0.0, 0.0)
Settings for this run are:
{'N': 33, 'use_numerical_optimizer': 'yes', 'NGEN': 17, 'CXPB': 1.0, 'MUTPB': 1.0, 'gateset': 'variable', 'numerical_optimizer': 'Nelder-Mead', 'Sorted_order': [-1, 2, 3, 4, 5], 'target': array([0.        , 0.        , 0.        , 0.40824829, 0.        ,
       0.40824829, 0.40824829, 0.        , 0.        , 0.40824829,
       0.40824829, 0.        , 0.40824829, 0.        , 0.        ,
       0.        ]), 'target_pos': 1, 'filename': 'U_S.txt', 'max_gates': 30, 'prob': None, 'weights_mut': None, 'weights_cx': None, 'opt_within': None, 'opt_final': None, 'opt_select': None, 'sel_scheme': None, 'vals': {'Hadamard': 1, 'Not': 1, 'Pauli Y': 1, 'Pauli Z': 1, 'Controlled Not': 2, 'Controlled Y': 2, 'Controlled Z': 2, 'Swap': 2, 'Rotate Z': 1, 'Rotate X': 1, 'Rotate Y': 1, 'Controlled U': 2, 'Rotate ZZ': 2, 'Rotate XX': 2, 'Rotate YY': 2}, 'par_nums': {'Hadamard': 0, 'Not': 0, 'Pauli Y': 0, 'Pauli Z': 0, 'Controlled Not': 0, 'Controlled Y': 0, 'Controlled Z': 0, 'Swap': 0, 'Rotate Z': 1, 'Rotate X': 1, 'Rotate Y': 1, 'Controlled U': 4, 'Rotate ZZ': 1, 'Rotate XX': 1, 'Rotate YY': 1}, 'names': {'Hadamard': 'h', 'Not': 'x', 'Pauli Y': 'y', 'Pauli Z': 'z', 'Controlled Not': 'cx', 'Controlled Y': 'cy', 'Controlled Z': 'cz', 'Swap': 'swap', 'Rotate Z': 'rz', 'Rotate X': 'rx', 'Rotate Y': 'ry', 'Controlled U': 'cu', 'Rotate ZZ': 'rzz', 'Rotate XX': 'rxx', 'Rotate YY': 'ryy'}, 'weights_gates': array([0.06666667, 0.06666667, 0.06666667, 0.06666667, 0.06666667,
       0.06666667, 0.06666667, 0.06666667, 0.06666667, 0.06666667,
       0.06666667, 0.06666667, 0.06666667, 0.06666667, 0.06666667]), 'Non_func_gates': ['x', 'y', 'z', 'cx', 'cy', 'cz', 'swap', 'h', 'rz', 'rx', 'ry', 'cu', 'rzz', 'ryy', 'rxx'], 'e_gate': <src.Gates_var.ElementaryGate object at 0x2aaaabaa1f10>, 'overall_QC': <qiskit.circuit.quantumcircuit.QuantumCircuit object at 0x2aaab57d2310>, 'overall_qubits': 4, 'qubits': 4, 'weights': (1.0, -1.0, -1.0, -1.0, -1.0), 'M': 5, 'operand': range(0, 4), 'operator': ['Hadamard', 'Not', 'Pauli Y', 'Pauli Z', 'Controlled Not', 'Controlled Y', 'Controlled Z', 'Swap', 'Rotate Z', 'Rotate X', 'Rotate Y', 'Controlled U', 'Rotate ZZ', 'Rotate XX', 'Rotate YY'], 'basis': ['h', 'x', 'y', 'z', 'cx', 'cy', 'cz', 'swap', 'rz', 'rx', 'ry', 'cu', 'rzz', 'rxx', 'ryy']}
