Initialization done! Doing GP now...
gen	evals	std                                                     	min             	avg                                                          	max                                                          
0  	33   	[0.21446264 7.23411467 4.95099957 4.33979175 6.59548779]	[0. 2. 2. 1. 0.]	[ 0.5768931  15.6969697  10.18181818  8.78787879 11.12121212]	[ 0.91603939 29.         22.         18.         27.        ]
1  	33   	[0.23414327 7.69792406 5.26662831 5.0574296  6.99468511]	[0. 2. 2. 1. 0.]	[ 0.6306985  15.12121212  9.66666667  8.57575758 11.27272727]	[ 0.93664657 30.         20.         20.         27.        ]
2  	33   	[0.26974741 8.29727737 5.75645922 5.4354886  7.6584577 ]	[0. 2. 1. 1. 0.]	[ 0.62633237 14.60606061  9.21212121  8.03030303 10.78787879]	[ 0.97242932 30.         21.         20.         31.        ]
3  	33   	[0.25115329 7.42541735 5.24251182 5.02792934 7.36282574]	[0. 2. 1. 1. 0.]	[ 0.64096285 13.87878788  8.6969697   7.51515152 10.3030303 ]	[ 0.98333604 30.         19.         17.         28.        ]
4  	33   	[0.25024205 7.63888847 5.30934689 5.04379352 6.8526402 ]	[0. 2. 1. 0. 0.]	[ 0.6487053  13.36363636  8.51515152  7.12121212 10.63636364]	[ 0.98333604 30.         19.         17.         28.        ]
5  	33   	[0.25117071 7.73398401 5.47135457 5.23392199 7.06730077]	[0. 2. 1. 0. 0.]	[ 0.66134191 13.39393939  8.39393939  7.         10.48484848]	[ 0.98495291 30.         19.         17.         27.        ]
6  	33   	[0.2578542  7.90276073 5.62870121 5.440892   7.91251522]	[0. 2. 1. 0. 0.]	[ 0.66655666 12.96969697  8.21212121  6.81818182 10.42424242]	[ 0.98495291 26.         18.         16.         27.        ]
7  	33   	[0.22207841 6.87124136 4.84261008 4.95322473 7.05286349]	[0. 2. 1. 0. 1.]	[ 0.65393353 11.24242424  6.93939394  5.63636364  9.21212121]	[ 0.98495291 26.         17.         16.         27.        ]
8  	33   	[0.2095387  6.14845423 4.31177089 4.54686847 6.78084051]	[0. 2. 1. 0. 1.]	[ 0.63390728 10.21212121  6.12121212  4.84848485  8.66666667]	[ 0.98495291 26.         17.         16.         27.        ]
9  	33   	[0.21236281 5.26872018 3.79066564 3.96981263 6.62174951]	[0. 2. 1. 0. 1.]	[0.61677067 9.24242424 5.54545455 4.24242424 8.03030303]     	[ 0.98495291 23.         17.         16.         27.        ]
10 	33   	[0.20555555 4.77847177 3.44202943 3.30900211 5.53426591]	[0. 2. 1. 0. 1.]	[0.58825693 8.21212121 5.03030303 3.66666667 6.90909091]     	[ 0.98554263 22.         15.         14.         25.        ]
11 	33   	[0.1966035  4.74065704 3.46834035 3.32561089 5.38763677]	[0. 2. 1. 0. 1.]	[0.60819303 8.36363636 4.96969697 3.6969697  7.39393939]     	[ 0.98554263 22.         15.         14.         25.        ]
12 	33   	[0.18761896 4.30473718 3.38689746 3.26373625 4.93651152]	[0. 2. 1. 0. 1.]	[0.5885907  7.78787879 4.72727273 3.21212121 6.45454545]     	[ 0.98554263 22.         15.         14.         25.        ]
13 	33   	[0.21814157 4.32134387 3.37059068 3.2175483  5.06378053]	[0. 2. 1. 0. 0.]	[0.59118836 7.84848485 4.81818182 3.36363636 6.45454545]     	[ 0.98554263 22.         15.         14.         25.        ]
14 	33   	[0.22776662 4.99053282 3.80879076 3.49839265 5.72623046]	[0. 2. 1. 0. 0.]	[0.61313542 7.93939394 5.09090909 3.93939394 7.24242424]     	[ 0.98554263 22.         15.         14.         25.        ]
15 	33   	[0.22409434 4.58427864 3.44202943 3.31648635 5.23830632]	[0. 2. 1. 0. 0.]	[0.6145315  7.87878788 4.96969697 3.6969697  6.87878788]     	[ 0.98554263 22.         15.         14.         25.        ]
16 	33   	[0.22604509 4.65977452 3.45932683 3.32229578 5.33040553]	[0. 2. 1. 0. 0.]	[0.60231167 7.72727273 4.81818182 3.51515152 6.36363636]     	[ 0.98554263 22.         15.         14.         25.        ]
The found oracle is/are:  (<qiskit.circuit.quantumcircuit.QuantumCircuit object at 0x2aaac0d9bc40>, [0.9855426286, 18, 15, 11, 15], Statevector([ 1.69786526e-03-1.99400813e-03j,
             -2.95008809e-05-8.74632433e-05j,
             -2.53507096e-05-8.44407384e-05j,
              3.56516122e-01+3.50419760e-01j,
             -3.09071306e-04+2.95782456e-04j,
              2.44965963e-01+2.55505485e-01j,
              2.48894361e-01+2.50373727e-01j,
              8.02166830e-05+7.44506987e-05j,
              7.18289499e-05+7.95438474e-05j,
              2.46841014e-01+2.53022073e-01j,
              2.51554528e-01+2.48682077e-01j,
              4.08055993e-05-3.30569914e-05j,
              3.53463352e-01+3.53768033e-01j,
             -2.59329295e-04+1.51692108e-04j,
             -2.66528192e-04+1.67069865e-04j,
             -2.08140035e-03+1.60795410e-03j],
            dims=(2, 2, 2, 2)))
GP, Selection, Overall duration:  4058.8492045402527 16.013043880462646 4074.8622484207153
[('Rotate X', [0], [0.8184245968364319]), ('Controlled Y', array([0, 3])), ('Rotate XX', array([3, 1]), [0.7152792823545797]), ('Rotate Y', [3], [0.32666755303359785]), ('Not', [3]), ('Swap', array([0, 2])), ('Rotate XX', array([0, 1]), [0.7567561863501145]), ('Pauli Y', [1]), ('Rotate XX', array([0, 1]), [0.08303098882840143]), ('Controlled Not', array([2, 0])), ('Rotate Y', [0], [0.7954108973631886]), ('Rotate XX', array([3, 0]), [0.8408254503824126]), ('Controlled U', array([2, 3]), [0.6802468658596179, 0.21266908287806818, 0.7021616774719536, 0.15071587824372112]), ('Rotate XX', array([3, 2]), [0.30122035153403426]), ('Rotate ZZ', array([3, 2]), [0.015309938234939757]), ('Controlled Z', array([0, 3])), ('Rotate Y', [3], [0.32361995278328803]), ('Rotate Z', [3], [0.5016670605548174])] (0.9855426286, 18.0, 15.0, 11.0, 15.0)
[('Rotate X', [2], [0.1103769791987248]), ('Controlled U', array([1, 0]), [0.5484325510936097, 0.08991479264252533, 0.6222318986157951, 0.48087471757975964]), ('Rotate XX', array([3, 2]), [0.6165458795367488]), ('Rotate X', [3], [0.2346049578515822]), ('Controlled Not', array([2, 3])), ('Controlled Y', array([2, 1])), ('Pauli Y', [2]), ('Rotate X', [1], [0.16552043353617907]), ('Pauli Y', [1]), ('Controlled U', array([3, 0]), [0.3536179170800372, 0.045100998631842026, 0.12625807426338065, 0.56957798332071]), ('Controlled Not', array([3, 0])), ('Rotate Z', [0], [0.4676350806154136]), ('Controlled Y', array([3, 2])), ('Controlled Not', array([0, 3])), ('Rotate Z', [1], [0.19149962294558953]), ('Hadamard', [0]), ('Rotate XX', array([3, 0]), [0.874496175907888]), ('Rotate ZZ', array([3, 2]), [0.015309938234939757]), ('Rotate XX', array([0, 1]), [0.7567561863501145]), ('Controlled U', array([1, 3]), [0.19123916688148368, 0.7555473703518228, 0.5434765888162987, 0.49222123873662826]), ('Controlled U', array([2, 3]), [0.6802468658596179, 0.21266908287806818, 0.7021616774719536, 0.15071587824372112]), ('Controlled Z', array([3, 0]))] (0.9506700272, 22.0, 14.0, 14.0, 25.0)
[('Rotate X', [0], [0.8184245968364319]), ('Rotate XX', array([3, 1]), [0.7152792823545797]), ('Rotate Y', [3], [0.32666755303359785]), ('Not', [3]), ('Swap', array([0, 2])), ('Rotate XX', array([0, 1]), [0.7567561863501145]), ('Pauli Y', [1]), ('Rotate XX', array([0, 1]), [0.08303098882840143]), ('Controlled Not', array([2, 0])), ('Rotate Y', [0], [0.7954108973631886]), ('Rotate XX', array([3, 0]), [0.8408254503824126]), ('Controlled U', array([2, 3]), [0.6802468658596179, 0.21266908287806818, 0.7021616774719536, 0.15071587824372112]), ('Rotate XX', array([3, 2]), [0.30122035153403426]), ('Rotate ZZ', array([3, 2]), [0.015309938234939757]), ('Controlled Z', array([0, 3])), ('Controlled U', array([2, 0]), [0.16634552600149877, 0.14219039933309663, 0.7699920262839497, 0.6944957190290226]), ('Rotate Z', [2], [0.45142852911195974])] (0.9470619136, 17.0, 14.0, 11.0, 18.0)
[('Rotate YY', array([0, 3]), [0.0603641205555987]), ('Pauli Z', [1]), ('Hadamard', [3]), ('Rotate Z', [0], [0.8029365968208984]), ('Rotate Z', [2], [0.2915426648525744]), ('Controlled U', array([3, 1]), [0.3477264797347446, 0.543116770701251, 0.5140108858303849, 0.4582354784185819]), ('Rotate Y', [2], [0.22185965057619406]), ('Controlled Not', array([3, 0])), ('Rotate XX', array([1, 0]), [0.08303098882840143]), ('Pauli Y', [2]), ('Rotate XX', array([0, 2]), [0.8408254503824126]), ('Controlled Z', array([0, 3])), ('Controlled U', array([2, 0]), [0.16634552600149877, 0.14219039933309663, 0.7699920262839497, 0.6944957190290226]), ('Rotate Y', [2], [0.22185965057619406]), ('Pauli Y', [3]), ('Rotate XX', array([1, 0]), [0.08303098882840143]), ('Rotate XX', array([0, 2]), [0.8408254503824126]), ('Controlled Z', array([0, 3])), ('Controlled U', array([2, 0]), [0.16634552600149877, 0.14219039933309663, 0.7699920262839497, 0.6944957190290226]), ('Rotate Z', [2], [0.45142852911195974])] (0.9423640217, 20.0, 13.0, 11.0, 22.0)
[('Rotate X', [0], [0.8184245968364319]), ('Rotate XX', array([3, 1]), [0.7152792823545797]), ('Rotate Y', [3], [0.32666755303359785]), ('Controlled Not', array([2, 0])), ('Swap', array([0, 2])), ('Rotate XX', array([3, 2]), [0.30122035153403426]), ('Controlled Y', array([3, 1])), ('Pauli Y', [1]), ('Not', [3]), ('Rotate ZZ', array([3, 2]), [0.015309938234939757]), ('Rotate XX', array([0, 1]), [0.7567561863501145]), ('Controlled U', array([2, 3]), [0.6802468658596179, 0.21266908287806818, 0.7021616774719536, 0.15071587824372112]), ('Rotate XX', array([0, 1]), [0.08303098882840143]), ('Rotate XX', array([3, 0]), [0.8408254503824126]), ('Controlled Z', array([0, 3])), ('Controlled U', array([2, 0]), [0.16634552600149877, 0.14219039933309663, 0.7699920262839497, 0.6944957190290226]), ('Rotate Z', [2], [0.45142852911195974])] (0.9195846372, 17.0, 12.0, 12.0, 17.0)
[('Rotate X', [0], [0.8184245968364319]), ('Controlled U', array([1, 0]), [0.5484325510936097, 0.08991479264252533, 0.6222318986157951, 0.48087471757975964]), ('Rotate XX', array([3, 2]), [0.6165458795367488]), ('Rotate X', [3], [0.2346049578515822]), ('Controlled Not', array([2, 3])), ('Controlled Y', array([2, 1])), ('Pauli Y', [2]), ('Rotate X', [1], [0.16552043353617907]), ('Pauli Y', [1]), ('Controlled U', array([3, 0]), [0.3536179170800372, 0.045100998631842026, 0.12625807426338065, 0.56957798332071]), ('Controlled Not', array([3, 0])), ('Rotate Z', [0], [0.4676350806154136]), ('Controlled Y', array([3, 2])), ('Controlled Not', array([0, 3])), ('Rotate Z', [1], [0.19149962294558953]), ('Controlled Z', array([3, 0]))] (0.9128709292, 16.0, 8.0, 9.0, 14.0)
[('Rotate X', [0], [0.34405130928570393]), ('Rotate Y', [3], [0.32666755303359785]), ('Controlled U', array([0, 1]), [0.6718677756571101, 0.943359612752215, 0.41948380218642023, 0.8234852772007728]), ('Rotate XX', array([3, 1]), [0.7152792823545797]), ('Rotate YY', array([3, 2]), [0.33164617114441575]), ('Pauli Y', [1]), ('Rotate X', [0], [0.8184245968364319]), ('Rotate Z', [3], [0.5016670605548174])] (0.9128709289, 8.0, 5.0, 3.0, 10.0)
[('Rotate XX', array([3, 1]), [0.7152792823545797]), ('Rotate X', [0], [0.34405130928570393]), ('Rotate Y', [3], [0.32666755303359785]), ('Controlled U', array([0, 1]), [0.6718677756571101, 0.943359612752215, 0.41948380218642023, 0.8234852772007728]), ('Rotate YY', array([3, 2]), [0.33164617114441575]), ('Pauli Y', [1]), ('Rotate X', [0], [0.8184245968364319]), ('Rotate Z', [3], [0.5016670605548174])] (0.9128696073, 8.0, 4.0, 3.0, 10.0)
[('Not', [2]), ('Rotate X', [0], [0.34405130928570393]), ('Controlled Y', array([1, 3])), ('Controlled U', array([0, 1]), [0.6718677756571101, 0.943359612752215, 0.41948380218642023, 0.8234852772007728]), ('Rotate YY', array([3, 2]), [0.33164617114441575]), ('Pauli Y', [1]), ('Rotate X', [0], [0.8184245968364319]), ('Rotate Z', [3], [0.5016670605548174])] (0.8164965808, 8.0, 3.0, 3.0, 8.0)
[('Rotate X', [0], [0.8184245968364319]), ('Rotate XX', array([3, 1]), [0.7152792823545797]), ('Controlled U', array([0, 1]), [0.6718677756571101, 0.943359612752215, 0.41948380218642023, 0.8234852772007728]), ('Rotate Y', [3], [0.32666755303359785]), ('Rotate Z', [3], [0.5016670605548174]), ('Rotate YY', array([3, 2]), [0.33164617114441575])] (0.7071064202, 6.0, 4.0, 3.0, 9.0)
[('Rotate X', [2], [0.34405130928570393]), ('Controlled Z', array([1, 2])), ('Rotate X', [0], [0.8184245968364319]), ('Rotate XX', array([1, 3]), [0.7517807327877783]), ('Controlled U', array([0, 1]), [0.6718677756571101, 0.943359612752215, 0.41948380218642023, 0.8234852772007728]), ('Rotate YY', array([3, 2]), [0.33164617114441575]), ('Swap', array([0, 1]))] (0.694255127, 7.0, 5.0, 5.0, 8.0)
[('Rotate XX', array([3, 1]), [0.7152792823545797]), ('Rotate X', [0], [0.8184245968364319]), ('Rotate Y', [3], [0.32666755303359785]), ('Controlled U', array([0, 1]), [0.6718677756571101, 0.943359612752215, 0.41948380218642023, 0.8234852772007728]), ('Rotate YY', array([3, 2]), [0.33164617114441575]), ('Swap', array([0, 1]))] (0.6942551266, 6.0, 3.0, 4.0, 8.0)
[('Rotate X', [0], [0.8184245968364319]), ('Rotate XX', array([3, 1]), [0.7152792823545797]), ('Rotate Y', [3], [0.32666755303359785]), ('Controlled U', array([0, 1]), [0.6718677756571101, 0.943359612752215, 0.41948380218642023, 0.8234852772007728]), ('Rotate YY', array([3, 2]), [0.33164617114441575]), ('Swap', array([0, 1]))] (0.6942551266, 6.0, 3.0, 4.0, 8.0)
[('Rotate XX', array([3, 1]), [0.7152792823545797]), ('Controlled U', array([2, 3]), [0.8545538677281417, 0.9591899476247004, 0.7489958738234227, 0.4809297183434277]), ('Rotate X', [0], [0.8184245968364319]), ('Controlled U', array([0, 1]), [0.6718677756571101, 0.943359612752215, 0.41948380218642023, 0.8234852772007728]), ('Swap', array([0, 1]))] (0.6605596098, 5.0, 3.0, 4.0, 10.0)
[('Rotate X', [2], [0.6416268440140483]), ('Rotate YY', array([3, 0]), [0.7714482276608828]), ('Rotate X', [0], [0.8184245968364319]), ('Controlled Not', array([0, 2])), ('Controlled U', array([2, 3]), [0.8545538677281417, 0.9591899476247004, 0.7489958738234227, 0.4809297183434277])] (0.6605596098, 5.0, 4.0, 3.0, 7.0)
[('Rotate Z', [0], [0.8029365968208984]), ('Rotate XX', array([1, 3]), [0.7517807327877783]), ('Rotate Y', [2], [0.3924029407807442]), ('Rotate YY', array([0, 3]), [0.0603641205555987]), ('Rotate Z', [2], [0.2915426648525744]), ('Controlled U', array([3, 1]), [0.3477264797347446, 0.543116770701251, 0.5140108858303849, 0.4582354784185819])] (0.6605596098, 6.0, 3.0, 3.0, 9.0)
[('Rotate X', [0], [0.8184245968364319]), ('Rotate X', [0], [0.8184245968364319]), ('Rotate Y', [3], [0.32666755303359785]), ('Controlled Not', array([0, 3])), ('Rotate YY', array([2, 3]), [0.6024422296842445]), ('Not', [0]), ('Controlled Y', array([3, 0])), ('Rotate Z', [1], [0.2990533174111899]), ('Controlled Not', array([3, 0])), ('Swap', array([0, 1]))] (0.6605596098, 10.0, 7.0, 5.0, 5.0)
[('Rotate X', [0], [0.8184245968364319]), ('Not', [0]), ('Rotate YY', array([1, 3]), [0.6667485618801976]), ('Controlled U', array([0, 1]), [0.6718677756571101, 0.943359612752215, 0.41948380218642023, 0.8234852772007728]), ('Pauli Z', [1])] (0.6605596097, 5.0, 4.0, 2.0, 6.0)
[('Rotate XX', array([3, 1]), [0.7152792823545797]), ('Rotate X', [0], [0.8184245968364319]), ('Rotate Y', [3], [0.32666755303359785]), ('Controlled U', array([0, 1]), [0.6718677756571101, 0.943359612752215, 0.41948380218642023, 0.8234852772007728]), ('Swap', array([0, 1]))] (0.6605596096, 5.0, 3.0, 3.0, 7.0)
[('Rotate X', [2], [0.34405130928570393]), ('Controlled Z', array([1, 2])), ('Rotate X', [0], [0.8184245968364319]), ('Rotate XX', array([1, 3]), [0.7517807327877783]), ('Pauli Y', [1]), ('Rotate XX', array([3, 2]), [0.6165458795367488]), ('Rotate Z', [3], [0.5016670605548174])] (0.6605596096, 7.0, 5.0, 3.0, 5.0)
[('Rotate XX', array([0, 1]), [0.7567561863501145]), ('Pauli Y', [2]), ('Rotate XX', array([1, 3]), [0.7517807327877783]), ('Pauli Z', [1]), ('Rotate Z', [1], [0.20539744376593916]), ('Pauli Z', [0]), ('Rotate Y', [0], [0.7954108973631886]), ('Not', [0]), ('Rotate Z', [1], [0.056719885902761336])] (0.6605596093, 9.0, 5.0, 2.0, 5.0)
[('Rotate XX', array([3, 1]), [0.7152792823545797]), ('Rotate X', [0], [0.8184245968364319]), ('Rotate XX', array([3, 2]), [0.6165458795367488]), ('Controlled U', array([2, 0]), [0.14807680043300275, 0.41150556670014393, 0.0850643329494225, 0.07393791105204639])] (0.5773502692, 4.0, 3.0, 3.0, 7.0)
[('Rotate X', [2], [0.1103769791987248]), ('Rotate YY', array([0, 1]), [0.33164617114441575]), ('Controlled U', array([0, 1]), [0.6718677756571101, 0.943359612752215, 0.41948380218642023, 0.8234852772007728]), ('Pauli Z', [2]), ('Rotate Y', [2], [0.22185965057619406]), ('Pauli Y', [1]), ('Rotate X', [0], [0.34405130928570393]), ('Rotate Z', [3], [0.5016670605548174])] (0.5773502692, 8.0, 3.0, 2.0, 9.0)
[('Rotate Y', [2], [0.22642977192775582]), ('Rotate XX', array([3, 2]), [0.6165458795367488]), ('Hadamard', [0]), ('Rotate YY', array([3, 2]), [0.33164617114441575]), ('Controlled Z', array([3, 2])), ('Controlled Y', array([2, 3])), ('Rotate X', [2], [0.7642502496770653]), ('Not', [0]), ('Controlled Not', array([0, 2]))] (0.5773502692, 9.0, 7.0, 5.0, 4.0)
[('Controlled Not', array([0, 3])), ('Rotate XX', array([3, 1]), [0.7152792823545797]), ('Hadamard', [0]), ('Controlled Y', array([2, 3])), ('Rotate YY', array([3, 2]), [0.33164617114441575]), ('Not', [0]), ('Controlled Z', array([3, 2])), ('Rotate X', [2], [0.7642502496770653]), ('Controlled Not', array([0, 2]))] (0.5773502692, 9.0, 7.0, 6.0, 3.0)
[('Rotate X', [2], [0.6416268440140483]), ('Rotate X', [1], [0.9995905460713792]), ('Controlled U', array([2, 3]), [0.8545538677281417, 0.9591899476247004, 0.7489958738234227, 0.4809297183434277]), ('Rotate YY', array([3, 0]), [0.7714482276608828])] (0.5773502691, 4.0, 3.0, 2.0, 7.0)
[('Rotate X', [2], [0.6416268440140483]), ('Rotate Z', [3], [0.18417625316895103]), ('Controlled U', array([2, 3]), [0.8545538677281417, 0.9591899476247004, 0.7489958738234227, 0.4809297183434277]), ('Rotate YY', array([3, 0]), [0.7714482276608828])] (0.5773502691, 4.0, 3.0, 2.0, 7.0)
[('Not', [2]), ('Pauli Y', [1]), ('Rotate X', [0], [0.8184245968364319]), ('Controlled U', array([0, 1]), [0.6718677756571101, 0.943359612752215, 0.41948380218642023, 0.8234852772007728]), ('Pauli Z', [1])] (0.5773502691, 5.0, 3.0, 1.0, 5.0)
[('Rotate X', [0], [0.8184245968364319]), ('Controlled Y', array([0, 3])), ('Pauli Y', [1]), ('Rotate XX', array([3, 1]), [0.7152792823545797]), ('Rotate X', [0], [0.8184245968364319]), ('Rotate Z', [3], [0.5016670605548174])] (0.5773502691, 6.0, 4.0, 2.0, 4.0)
[('Rotate XX', array([3, 1]), [0.7152792823545797]), ('Rotate X', [0], [0.8184245968364319]), ('Rotate Y', [3], [0.32666755303359785]), ('Controlled Not', array([0, 3])), ('Not', [0]), ('Rotate Z', [1], [0.056719885902761336])] (0.5773502691, 6.0, 4.0, 2.0, 4.0)
[('Rotate X', [0], [0.8184245968364319]), ('Rotate XX', array([3, 1]), [0.7152792823545797]), ('Pauli Y', [1]), ('Pauli Y', [3]), ('Pauli Y', [1]), ('Controlled Y', array([3, 0])), ('Rotate Z', [1], [0.2990533174111899]), ('Controlled Not', array([3, 0])), ('Swap', array([0, 1]))] (0.5773502691, 9.0, 5.0, 4.0, 3.0)
[('Controlled Not', array([0, 3])), ('Not', [2]), ('Hadamard', [0]), ('Controlled Y', array([2, 3])), ('Rotate YY', array([3, 2]), [0.33164617114441575]), ('Not', [0]), ('Rotate X', [2], [0.7642502496770653]), ('Controlled Z', array([3, 2])), ('Controlled Not', array([0, 2]))] (0.5773502691, 9.0, 6.0, 5.0, 2.0)
[('Not', [2]), ('Rotate X', [0], [0.8184245968364319]), ('Rotate Y', [3], [0.32666755303359785]), ('Pauli Z', [0]), ('Rotate Z', [3], [0.5016670605548174]), ('Hadamard', [2]), ('Pauli Y', [2]), ('Pauli Y', [0]), ('Controlled Y', array([3, 2])), ('Pauli Y', [1]), ('Pauli Y', [2]), ('Rotate Y', [3], [0.32361995278328803])] (0.5773502691, 12.0, 5.0, 1.0, 4.0)
[('Rotate YY', array([3, 1]), [0.7552205650447227]), ('Not', [0]), ('Controlled U', array([0, 1]), [0.6718677756571101, 0.943359612752215, 0.41948380218642023, 0.8234852772007728]), ('Pauli Z', [1])] (0.577350269, 4.0, 3.0, 2.0, 5.0)
[('Rotate XX', array([3, 1]), [0.7152792823545797]), ('Pauli Z', [2]), ('Pauli Y', [1]), ('Rotate X', [0], [0.34405130928570393]), ('Rotate Z', [3], [0.5016670605548174])] (0.577350269, 5.0, 2.0, 1.0, 3.0)
[('Controlled U', array([0, 1]), [0.5484325510936097, 0.08991479264252533, 0.6222318986157951, 0.48087471757975964]), ('Rotate XX', array([3, 2]), [0.6165458795367488]), ('Rotate YY', array([3, 0]), [0.7714482276608828])] (0.4714045208, 3.0, 2.0, 3.0, 6.0)
[('Controlled U', array([1, 0]), [0.5484325510936097, 0.08991479264252533, 0.6222318986157951, 0.48087471757975964]), ('Rotate XX', array([3, 2]), [0.6165458795367488]), ('Rotate YY', array([3, 0]), [0.7714482276608828])] (0.4714045208, 3.0, 2.0, 3.0, 6.0)
[('Rotate Y', [2], [0.22642977192775582]), ('Rotate XX', array([3, 2]), [0.6165458795367488]), ('Rotate YY', array([3, 0]), [0.7714482276608828])] (0.4714045207, 3.0, 3.0, 2.0, 3.0)
[('Rotate X', [2], [0.6416268440140483]), ('Not', [0]), ('Pauli Z', [0]), ('Pauli Y', [1]), ('Pauli Z', [1]), ('Hadamard', [2]), ('Rotate Y', [0], [0.2534207755675867]), ('Rotate Y', [3], [0.32361995278328803]), ('Rotate Z', [3], [0.5016670605548174])] (0.4670861793, 9.0, 3.0, 0.0, 4.0)
[('Rotate XX', array([2, 0]), [0.78649382839451]), ('Controlled Z', array([2, 3]))] (0.4082482905, 2.0, 2.0, 2.0, 1.0)
[('Not', [2]), ('Not', [3]), ('Rotate YY', array([3, 1]), [0.7552205650447227])] (0.4082482905, 3.0, 2.0, 1.0, 1.0)
[('Rotate X', [0], [0.34405130928570393]), ('Pauli Z', [2]), ('Rotate Y', [2], [0.22185965057619406]), ('Pauli Y', [1]), ('Pauli Z', [1]), ('Rotate Z', [3], [0.5016670605548174])] (0.4082482905, 6.0, 2.0, 0.0, 3.0)
[('Pauli Z', [1]), ('Not', [2]), ('Pauli Y', [1]), ('Rotate Y', [3], [0.32361995278328803]), ('Pauli Z', [0]), ('Pauli Z', [0]), ('Pauli Y', [3])] (0.4082482905, 7.0, 2.0, 0.0, 1.0)
[('Rotate X', [0], [0.8184245968364319]), ('Rotate X', [3], [0.6910472339209847])] (0.4082482904, 2.0, 1.0, 0.0, 2.0)
[('Rotate X', [0], [0.8184245968364319]), ('Rotate X', [2], [0.6910472339209847])] (0.4082482904, 2.0, 1.0, 0.0, 2.0)
[('Rotate YY', array([3, 1]), [0.7552205650447227]), ('Pauli Z', [1])] (0.4082482904, 2.0, 2.0, 1.0, 1.0)
[('Rotate X', [2], [0.6910472339209847]), ('Pauli Z', [1])] (0.0, 2.0, 1.0, 0.0, 1.0)
[('Pauli Z', [1]), ('Rotate X', [2], [0.6910472339209847])] (0.0, 2.0, 1.0, 0.0, 1.0)
[('Swap', array([0, 1])), ('Controlled Z', array([3, 0]))] (0.0, 2.0, 2.0, 2.0, 0.0)
Settings for this run are:
{'N': 33, 'use_numerical_optimizer': 'yes', 'NGEN': 17, 'CXPB': 1.0, 'MUTPB': 1.0, 'gateset': 'variable', 'numerical_optimizer': 'Nelder-Mead', 'Sorted_order': [-1, 2, 3, 4, 5], 'target': array([0.        , 0.        , 0.        , 0.40824829, 0.        ,
       0.40824829, 0.40824829, 0.        , 0.        , 0.40824829,
       0.40824829, 0.        , 0.40824829, 0.        , 0.        ,
       0.        ]), 'target_pos': 1, 'filename': 'U_S.txt', 'max_gates': 30, 'prob': None, 'weights_mut': None, 'weights_cx': None, 'opt_within': None, 'opt_final': None, 'opt_select': None, 'sel_scheme': None, 'vals': {'Hadamard': 1, 'Not': 1, 'Pauli Y': 1, 'Pauli Z': 1, 'Controlled Not': 2, 'Controlled Y': 2, 'Controlled Z': 2, 'Swap': 2, 'Rotate Z': 1, 'Rotate X': 1, 'Rotate Y': 1, 'Controlled U': 2, 'Rotate ZZ': 2, 'Rotate XX': 2, 'Rotate YY': 2}, 'par_nums': {'Hadamard': 0, 'Not': 0, 'Pauli Y': 0, 'Pauli Z': 0, 'Controlled Not': 0, 'Controlled Y': 0, 'Controlled Z': 0, 'Swap': 0, 'Rotate Z': 1, 'Rotate X': 1, 'Rotate Y': 1, 'Controlled U': 4, 'Rotate ZZ': 1, 'Rotate XX': 1, 'Rotate YY': 1}, 'names': {'Hadamard': 'h', 'Not': 'x', 'Pauli Y': 'y', 'Pauli Z': 'z', 'Controlled Not': 'cx', 'Controlled Y': 'cy', 'Controlled Z': 'cz', 'Swap': 'swap', 'Rotate Z': 'rz', 'Rotate X': 'rx', 'Rotate Y': 'ry', 'Controlled U': 'cu', 'Rotate ZZ': 'rzz', 'Rotate XX': 'rxx', 'Rotate YY': 'ryy'}, 'weights_gates': array([0.06666667, 0.06666667, 0.06666667, 0.06666667, 0.06666667,
       0.06666667, 0.06666667, 0.06666667, 0.06666667, 0.06666667,
       0.06666667, 0.06666667, 0.06666667, 0.06666667, 0.06666667]), 'Non_func_gates': ['x', 'y', 'z', 'cx', 'cy', 'cz', 'swap', 'h', 'rz', 'rx', 'ry', 'cu', 'rzz', 'ryy', 'rxx'], 'e_gate': <src.Gates_var.ElementaryGate object at 0x2aaaabaa1f10>, 'overall_QC': <qiskit.circuit.quantumcircuit.QuantumCircuit object at 0x2aaab57d2310>, 'overall_qubits': 4, 'qubits': 4, 'weights': (1.0, -1.0, -1.0, -1.0, -1.0), 'M': 5, 'operand': range(0, 4), 'operator': ['Hadamard', 'Not', 'Pauli Y', 'Pauli Z', 'Controlled Not', 'Controlled Y', 'Controlled Z', 'Swap', 'Rotate Z', 'Rotate X', 'Rotate Y', 'Controlled U', 'Rotate ZZ', 'Rotate XX', 'Rotate YY'], 'basis': ['h', 'x', 'y', 'z', 'cx', 'cy', 'cz', 'swap', 'rz', 'rx', 'ry', 'cu', 'rzz', 'rxx', 'ryy']}
