Initialization done! Doing GP now...
gen	evals	std                                                     	min             	avg                                                          	max                                                     
0  	33   	[0.21670842 8.56991985 5.26872018 4.34803609 6.27221488]	[0. 2. 1. 0. 0.]	[ 0.4960746  14.63636364  9.42424242  7.60606061  8.51515152]	[ 0.9198857 30.        19.        18.        25.       ]
1  	33   	[0.19792624 8.49642068 5.46581328 4.69217742 6.26166496]	[0. 2. 1. 0. 0.]	[ 0.58706803 14.51515152  9.60606061  7.72727273  9.39393939]	[ 0.94638295 29.         19.         18.         25.        ]
2  	33   	[0.22414156 9.70274449 6.35381638 5.59285915 7.64369537]	[0. 2. 1. 0. 0.]	[ 0.63918615 15.09090909  9.84848485  7.84848485 10.24242424]	[ 0.97905566 30.         20.         19.         32.        ]
3  	33   	[0.2594888  9.91376963 6.4390909  5.84793529 8.4138807 ]	[0. 2. 1. 0. 0.]	[ 0.66664514 15.66666667 10.15151515  8.27272727 11.54545455]	[ 0.97905566 30.         20.         19.         32.        ]
4  	33   	[0.21414922 8.94088329 5.80506729 5.128648   7.92051885]	[0. 2. 1. 0. 0.]	[ 0.69235441 15.          9.75757576  8.         11.51515152]	[ 0.97905566 30.         20.         19.         32.        ]
5  	33   	[0.21160474 8.77020166 5.72221999 5.19182093 7.79076706]	[0. 2. 1. 0. 0.]	[ 0.71583549 14.84848485  9.72727273  8.21212121 11.6969697 ]	[ 0.97905566 30.         20.         19.         32.        ]
6  	33   	[0.17189355 7.47127957 4.79343751 4.73387263 6.73054793]	[0.40824829 2.         1.         0.         0.        ]	[ 0.69960998 12.75757576  8.51515152  7.21212121 10.18181818]	[ 0.97905566 30.         20.         19.         32.        ]
7  	33   	[0.16973438 7.18865548 4.53777128 4.78941287 5.92003648]	[0.40824829 2.         1.         0.         0.        ]	[ 0.71723886 13.33333333  8.78787879  7.6969697  10.27272727]	[ 0.97905566 30.         19.         19.         22.        ]
8  	33   	[0.1619806  6.99993441 4.44329645 4.65464804 6.06090908]	[0.40824829 2.         1.         0.         0.        ]	[ 0.73749862 13.6969697   9.12121212  8.03030303 10.84848485]	[ 0.97905566 30.         19.         19.         22.        ]
9  	33   	[0.16049123 7.19210362 4.80071161 4.8146547  6.4004706 ]	[0.40824829 2.         1.         0.         0.        ]	[ 0.75562049 14.3030303   9.72727273  8.6969697  11.93939394]	[ 0.97905566 30.         20.         19.         24.        ]
10 	33   	[0.1704766  7.43765023 4.97431419 5.07537312 6.71921439]	[0.40824829 2.         1.         0.         0.        ]	[ 0.74374896 13.87878788  9.27272727  8.24242424 10.93939394]	[ 0.97905566 30.         20.         19.         24.        ]
11 	33   	[0.17541969 7.99908167 5.10118012 5.32437264 6.85679303]	[0.40824829 2.         1.         0.         0.        ]	[ 0.7415887  13.87878788  9.09090909  8.12121212 10.78787879]	[ 0.993941 30.       19.       19.       23.      ]          
12 	33   	[0.16435329 7.23944404 4.6326981  4.73212649 6.23653738]	[0.40824829 2.         1.         0.         0.        ]	[ 0.72230099 12.87878788  8.51515152  7.3030303   9.87878788]	[ 0.9746933 30.        19.        18.        22.       ]     
13 	33   	[0.15446018 6.93151597 4.34803609 4.50466547 6.00015304]	[0.40824829 2.         1.         0.         0.        ]	[ 0.70154039 12.12121212  7.93939394  6.63636364  9.24242424]	[ 0.9697399 30.        19.        18.        22.       ]     
14 	33   	[0.14598431 5.17197364 3.17184584 3.50756758 5.76442973]	[0.40824829 2.         1.         0.         0.        ]	[ 0.68316068 11.09090909  7.          6.          8.72727273]	[ 0.91287093 20.         13.         14.         19.        ]
15 	33   	[0.15859828 4.65642323 2.7019022  3.10247391 5.84840634]	[0.40824829 2.         1.         0.         0.        ]	[0.64224237 9.12121212 5.81818182 4.63636364 7.09090909]     	[ 0.98077838 20.         11.         14.         19.        ]
16 	33   	[0.15637283 5.41873768 3.9905766  3.19118391 5.74592122]	[0.40824829 2.         1.         0.         0.        ]	[0.6435536  9.3030303  6.21212121 4.75757576 6.87878788]     	[ 0.98202094 29.         23.         17.         22.        ]
The found oracle is/are:  (<qiskit.circuit.quantumcircuit.QuantumCircuit object at 0x2aaac0d27b50>, [0.993941004, 18, 15, 14, 23], Statevector([ 0.01048205-0.03434243j, -0.00248953-0.00395369j,
             -0.01142335+0.01249067j, -0.02082039-0.38097017j,
             -0.00908203+0.01184192j, -0.05998766-0.43802758j,
             -0.06427555-0.42976873j, -0.01367883-0.00866686j,
             -0.00473883+0.00965112j, -0.06338578-0.40781928j,
              0.00654744-0.37497042j, -0.00408072-0.00592634j,
             -0.06889172-0.38798351j, -0.01574013-0.00857064j,
             -0.01051751+0.00514295j,  0.02547944+0.0226798j ],
            dims=(2, 2, 2, 2)))
GP, Selection, Overall duration:  5558.880895853043 24.899348258972168 5583.780244112015
[('Rotate Z', [1], [0.012508958060212128]), ('Rotate YY', array([2, 0]), [0.34654545327395037]), ('Not', [1]), ('Rotate YY', array([2, 3]), [0.28327876542709174]), ('Rotate Y', [3], [0.7556674578026206]), ('Rotate ZZ', array([2, 3]), [0.3108950396374256]), ('Controlled U', array([3, 0]), [0.3017000818541391, 0.4245305144343512, 0.5441258049845048, 0.9430649478226064]), ('Pauli Y', [3]), ('Rotate YY', array([2, 1]), [0.5071645329057612]), ('Controlled Z', array([3, 0])), ('Controlled U', array([3, 1]), [0.44549600082066265, 0.29365339993710626, 0.49185712312297625, 0.405521633186555]), ('Rotate ZZ', array([1, 2]), [0.5861924179110485]), ('Rotate YY', array([0, 2]), [0.9942097223363477]), ('Rotate YY', array([2, 3]), [0.4775076580656775]), ('Rotate YY', array([0, 3]), [0.9942097223363477]), ('Controlled Z', array([3, 2])), ('Controlled U', array([3, 1]), [0.44549600082066265, 0.29365339993710626, 0.49185712312297625, 0.405521633186555]), ('Rotate YY', array([2, 3]), [0.4775076580656775])] (0.993941004, 18.0, 15.0, 14.0, 23.0)
[('Rotate XX', array([1, 0]), [0.47780677782862757]), ('Hadamard', [1]), ('Rotate YY', array([0, 2]), [0.9942097223363477]), ('Controlled U', array([2, 1]), [0.9469496920799345, 0.2442402453231418, 0.8401507460602504, 0.6365666263078529]), ('Controlled Y', array([1, 0])), ('Rotate YY', array([3, 2]), [0.5691572674044282]), ('Pauli Z', [2]), ('Rotate Z', [3], [0.3908053514319162]), ('Pauli Y', [2]), ('Controlled Not', array([2, 1])), ('Rotate Y', [1], [0.6423901515302219]), ('Pauli Z', [2]), ('Controlled Y', array([0, 3])), ('Controlled U', array([0, 1]), [0.691386369459178, 0.9036340528434708, 0.3741639490012878, 0.2602331454766871]), ('Controlled Not', array([1, 2])), ('Not', [0]), ('Swap', array([3, 0])), ('Rotate X', [3], [0.8269216584881535]), ('Pauli Y', [1]), ('Rotate YY', array([1, 3]), [0.232123698479767])] (0.9939395992, 20.0, 13.0, 11.0, 15.0)
[('Hadamard', [2]), ('Rotate Z', [2], [0.8142485652354164]), ('Controlled Not', array([0, 1])), ('Rotate YY', array([3, 0]), [0.5841624879783174]), ('Rotate ZZ', array([3, 2]), [0.786205508215259]), ('Pauli Z', [1]), ('Controlled U', array([2, 3]), [0.6774531219568517, 0.6094433886954801, 0.8173684974924222, 0.46637220179995875]), ('Not', [3]), ('Rotate YY', array([1, 3]), [0.9530213792213031]), ('Hadamard', [2]), ('Controlled U', array([2, 0]), [0.48705283373696595, 0.6757931951312041, 0.9777427747008942, 0.7602598478204101]), ('Controlled U', array([1, 0]), [0.48487113395684567, 0.6548740752673321, 0.9105709506544105, 0.5268289718859276]), ('Rotate Y', [2], [0.593767922398894]), ('Controlled Y', array([1, 2])), ('Hadamard', [3])] (0.980778377, 15.0, 8.0, 8.0, 17.0)
[('Swap', array([0, 2])), ('Rotate YY', array([0, 2]), [0.7204288476468801]), ('Rotate YY', array([1, 3]), [0.5876199019448775]), ('Rotate ZZ', array([2, 3]), [0.3108950396374256]), ('Rotate YY', array([3, 0]), [0.5841624879783174]), ('Controlled Z', array([0, 3])), ('Pauli Y', [1]), ('Rotate YY', array([3, 0]), [0.5841624879783174]), ('Pauli Y', [3]), ('Rotate YY', array([1, 3]), [0.232123698479767])] (0.9341723584, 10.0, 8.0, 8.0, 6.0)
[('Hadamard', [2]), ('Rotate Z', [2], [0.8142485652354164]), ('Controlled Z', array([1, 3])), ('Pauli Z', [1]), ('Hadamard', [3]), ('Rotate ZZ', array([3, 2]), [0.786205508215259]), ('Rotate Z', [2], [0.6222311739557643]), ('Pauli Z', [1]), ('Controlled U', array([2, 3]), [0.6774531219568517, 0.6094433886954801, 0.8173684974924222, 0.46637220179995875]), ('Not', [3]), ('Rotate YY', array([1, 3]), [0.9530213792213031]), ('Hadamard', [2]), ('Controlled U', array([2, 0]), [0.48705283373696595, 0.6757931951312041, 0.9777427747008942, 0.7602598478204101]), ('Controlled U', array([1, 0]), [0.48487113395684567, 0.6548740752673321, 0.9105709506544105, 0.5268289718859276]), ('Rotate Y', [2], [0.593767922398894]), ('Controlled Y', array([1, 2])), ('Hadamard', [3])] (0.8201472916, 17.0, 9.0, 7.0, 17.0)
[('Rotate Y', [2], [0.13896689505311333]), ('Pauli Z', [1]), ('Controlled U', array([2, 3]), [0.6774531219568517, 0.6094433886954801, 0.8173684974924222, 0.46637220179995875]), ('Hadamard', [2]), ('Not', [3]), ('Rotate YY', array([1, 3]), [0.9530213792213031]), ('Rotate Z', [2], [0.8142485652354164]), ('Controlled Not', array([0, 1])), ('Pauli Z', [1]), ('Hadamard', [3]), ('Rotate ZZ', array([3, 2]), [0.786205508215259]), ('Controlled U', array([2, 0]), [0.48705283373696595, 0.6757931951312041, 0.9777427747008942, 0.7602598478204101]), ('Controlled U', array([1, 0]), [0.48487113395684567, 0.6548740752673321, 0.9105709506544105, 0.5268289718859276]), ('Rotate Y', [2], [0.593767922398894]), ('Controlled Y', array([1, 2])), ('Hadamard', [3])] (0.8181597778, 16.0, 9.0, 7.0, 17.0)
[('Hadamard', [2]), ('Pauli Z', [1]), ('Controlled U', array([2, 3]), [0.6774531219568517, 0.6094433886954801, 0.8173684974924222, 0.46637220179995875]), ('Not', [3]), ('Rotate YY', array([1, 3]), [0.9530213792213031]), ('Hadamard', [2]), ('Rotate Z', [2], [0.8142485652354164]), ('Controlled Not', array([0, 1])), ('Pauli Z', [1]), ('Hadamard', [3]), ('Rotate ZZ', array([3, 2]), [0.786205508215259]), ('Controlled U', array([2, 0]), [0.48705283373696595, 0.6757931951312041, 0.9777427747008942, 0.7602598478204101]), ('Controlled U', array([1, 0]), [0.48487113395684567, 0.6548740752673321, 0.9105709506544105, 0.5268289718859276]), ('Rotate Y', [2], [0.593767922398894]), ('Controlled Y', array([1, 2])), ('Hadamard', [3])] (0.8163127144, 16.0, 9.0, 7.0, 16.0)
[('Hadamard', [2]), ('Rotate Z', [2], [0.8142485652354164]), ('Controlled Not', array([0, 1])), ('Pauli Z', [1]), ('Hadamard', [3]), ('Rotate ZZ', array([3, 2]), [0.786205508215259]), ('Pauli Z', [1]), ('Controlled U', array([2, 3]), [0.6774531219568517, 0.6094433886954801, 0.8173684974924222, 0.46637220179995875]), ('Not', [3]), ('Rotate YY', array([1, 3]), [0.9530213792213031]), ('Hadamard', [2]), ('Controlled U', array([2, 0]), [0.48705283373696595, 0.6757931951312041, 0.9777427747008942, 0.7602598478204101]), ('Controlled U', array([1, 0]), [0.48487113395684567, 0.6548740752673321, 0.9105709506544105, 0.5268289718859276]), ('Rotate Y', [2], [0.593767922398894]), ('Controlled Y', array([1, 2])), ('Hadamard', [3])] (0.8161124658, 16.0, 8.0, 7.0, 16.0)
[('Rotate YY', array([3, 0]), [0.5841624879783174]), ('Pauli Y', [1]), ('Rotate YY', array([2, 0]), [0.34654545327395037]), ('Rotate YY', array([1, 0]), [0.05825174465155114]), ('Rotate X', [1], [0.17146412733042227]), ('Controlled U', array([1, 0]), [0.6894108748280399, 0.31947574988244165, 0.9243236373984511, 0.4321863210499969])] (0.7764964403, 6.0, 5.0, 4.0, 8.0)
[('Rotate YY', array([1, 0]), [0.05825174465155114]), ('Rotate YY', array([3, 0]), [0.5841624879783174]), ('Controlled U', array([1, 0]), [0.6894108748280399, 0.31947574988244165, 0.9243236373984511, 0.4321863210499969]), ('Pauli Y', [2]), ('Rotate X', [1], [0.17146412733042227]), ('Controlled Not', array([1, 0])), ('Not', [0])] (0.6942551272, 7.0, 6.0, 4.0, 7.0)
[('Rotate YY', array([2, 0]), [0.34654545327395037]), ('Pauli Z', [3]), ('Pauli Z', [3]), ('Rotate X', [1], [0.7477874611200632]), ('Controlled Z', array([1, 3])), ('Controlled U', array([1, 0]), [0.6894108748280399, 0.31947574988244165, 0.9243236373984511, 0.4321863210499969])] (0.6605596097, 6.0, 4.0, 3.0, 6.0)
[('Rotate YY', array([2, 0]), [0.34654545327395037]), ('Not', [1]), ('Controlled Not', array([1, 2])), ('Rotate YY', array([2, 3]), [0.39818352959633474]), ('Controlled Y', array([2, 3])), ('Pauli Z', [1]), ('Controlled Not', array([2, 0])), ('Swap', array([1, 2])), ('Controlled Y', array([2, 1])), ('Pauli Z', [1]), ('Rotate Y', [0], [0.051385218822915024]), ('Hadamard', [3]), ('Hadamard', [3]), ('Not', [0])] (0.6605596096, 14.0, 8.0, 7.0, 3.0)
[('Pauli Y', [2]), ('Rotate X', [2], [0.23035683183121436]), ('Controlled Y', array([2, 1])), ('Pauli Z', [1]), ('Rotate Y', [0], [0.051385218822915024]), ('Rotate YY', array([1, 0]), [0.05825174465155114]), ('Rotate YY', array([3, 0]), [0.5841624879783174]), ('Not', [3]), ('Rotate YY', array([1, 3]), [0.232123698479767])] (0.6454972242, 9.0, 8.0, 4.0, 5.0)
[('Swap', array([0, 2])), ('Rotate YY', array([1, 0]), [0.05825174465155114]), ('Rotate YY', array([3, 0]), [0.5841624879783174]), ('Pauli Y', [1]), ('Rotate X', [1], [0.17146412733042227]), ('Controlled Not', array([1, 0])), ('Rotate YY', array([1, 0]), [0.05825174465155114]), ('Rotate YY', array([1, 3]), [0.232123698479767])] (0.645497224, 8.0, 7.0, 6.0, 5.0)
[('Swap', array([0, 2])), ('Hadamard', [3]), ('Hadamard', [3]), ('Rotate X', [3], [0.7698749100962495]), ('Rotate YY', array([1, 0]), [0.05825174465155114]), ('Rotate YY', array([3, 0]), [0.5841624879783174]), ('Pauli Y', [1]), ('Rotate YY', array([3, 0]), [0.5841624879783174]), ('Pauli Y', [3]), ('Rotate YY', array([1, 3]), [0.232123698479767])] (0.6123724357, 10.0, 7.0, 5.0, 5.0)
[('Pauli Y', [2]), ('Rotate X', [1], [0.17146412733042227]), ('Controlled Not', array([1, 0])), ('Rotate YY', array([1, 0]), [0.05825174465155114]), ('Rotate YY', array([3, 0]), [0.5841624879783174]), ('Pauli Y', [1]), ('Rotate YY', array([1, 3]), [0.232123698479767])] (0.6123724356, 7.0, 5.0, 4.0, 4.0)
[('Swap', array([0, 2])), ('Hadamard', [3]), ('Hadamard', [3]), ('Rotate X', [1], [0.7698749100962495]), ('Rotate YY', array([1, 0]), [0.05825174465155114]), ('Rotate YY', array([3, 0]), [0.5841624879783174]), ('Pauli Y', [1]), ('Rotate YY', array([1, 3]), [0.232123698479767])] (0.6123724356, 8.0, 4.0, 4.0, 4.0)
[('Rotate YY', array([2, 0]), [0.34654545327395037]), ('Not', [1]), ('Controlled Not', array([1, 2])), ('Rotate YY', array([2, 3]), [0.39818352959633474]), ('Controlled Y', array([2, 3])), ('Pauli Z', [1]), ('Rotate Y', [0], [0.051385218822915024]), ('Hadamard', [3]), ('Not', [0])] (0.6123724355, 9.0, 5.0, 4.0, 3.0)
[('Rotate Y', [2], [0.13896689505311333]), ('Rotate X', [1], [0.7477874611200632]), ('Controlled Z', array([1, 3])), ('Controlled U', array([1, 0]), [0.6894108748280399, 0.31947574988244165, 0.9243236373984511, 0.4321863210499969]), ('Not', [0])] (0.5773502692, 5.0, 4.0, 2.0, 6.0)
[('Rotate YY', array([2, 0]), [0.34654545327395037]), ('Rotate Y', [3], [0.6363983518285843]), ('Pauli Z', [3]), ('Pauli Z', [3]), ('Rotate X', [1], [0.7477874611200632]), ('Rotate YY', array([1, 0]), [0.05825174465155114]), ('Controlled U', array([1, 0]), [0.6894108748280399, 0.31947574988244165, 0.9243236373984511, 0.4321863210499969])] (0.5773502692, 7.0, 3.0, 3.0, 8.0)
[('Rotate X', [2], [0.23035683183121436]), ('Controlled Y', array([2, 1])), ('Pauli Z', [1]), ('Rotate Y', [0], [0.051385218822915024]), ('Rotate YY', array([1, 0]), [0.05825174465155114]), ('Rotate YY', array([3, 0]), [0.5841624879783174]), ('Not', [3]), ('Not', [3])] (0.5773502692, 8.0, 7.0, 3.0, 4.0)
[('Rotate YY', array([1, 0]), [0.05825174465155114]), ('Rotate X', [2], [0.23035683183121436]), ('Rotate Y', [0], [0.051385218822915024]), ('Controlled Not', array([1, 0])), ('Controlled Y', array([2, 1])), ('Pauli Z', [1]), ('Not', [0])] (0.5773502691, 7.0, 5.0, 3.0, 3.0)
[('Rotate YY', array([2, 0]), [0.34654545327395037]), ('Not', [1]), ('Controlled Not', array([1, 0])), ('Controlled Y', array([3, 2])), ('Controlled U', array([1, 0]), [0.6894108748280399, 0.31947574988244165, 0.9243236373984511, 0.4321863210499969]), ('Not', [0])] (0.577350269, 6.0, 4.0, 4.0, 5.0)
[('Rotate X', [2], [0.23035683183121436]), ('Rotate YY', array([1, 0]), [0.05825174465155114]), ('Pauli Z', [1]), ('Rotate Y', [0], [0.051385218822915024]), ('Controlled Y', array([2, 1])), ('Pauli Z', [1]), ('Not', [0])] (0.577350269, 7.0, 4.0, 2.0, 3.0)
[('Pauli Z', [0]), ('Rotate YY', array([2, 3]), [0.28327876542709174]), ('Controlled Not', array([0, 3])), ('Rotate YY', array([2, 1]), [0.9668341915165346])] (0.4714045208, 4.0, 2.0, 3.0, 2.0)
[('Rotate Y', [2], [0.13896689505311333]), ('Rotate X', [1], [0.7477874611200632]), ('Rotate YY', array([2, 3]), [0.28327876542709174]), ('Controlled Not', array([1, 2])), ('Pauli Z', [3])] (0.4714045207, 5.0, 3.0, 2.0, 3.0)
[('Not', [3]), ('Hadamard', [1]), ('Swap', array([3, 0])), ('Hadamard', [3]), ('Controlled Z', array([2, 1])), ('Rotate YY', array([0, 2]), [0.9942097223363477]), ('Pauli Y', [0]), ('Hadamard', [2]), ('Not', [0])] (0.4330127019, 9.0, 5.0, 3.0, 1.0)
[('Not', [3]), ('Not', [0])] (0.4082482905, 2.0, 1.0, 0.0, 0.0)
[('Pauli Y', [2]), ('Not', [0])] (0.4082482905, 2.0, 1.0, 0.0, 0.0)
[('Pauli Y', [2]), ('Not', [3])] (0.4082482905, 2.0, 1.0, 0.0, 0.0)
Settings for this run are:
{'N': 33, 'use_numerical_optimizer': 'yes', 'NGEN': 17, 'CXPB': 1.0, 'MUTPB': 1.0, 'gateset': 'variable', 'numerical_optimizer': 'Nelder-Mead', 'Sorted_order': [-1, 2, 3, 4, 5], 'target': array([0.        , 0.        , 0.        , 0.40824829, 0.        ,
       0.40824829, 0.40824829, 0.        , 0.        , 0.40824829,
       0.40824829, 0.        , 0.40824829, 0.        , 0.        ,
       0.        ]), 'target_pos': 1, 'filename': 'U_S.txt', 'max_gates': 30, 'prob': None, 'weights_mut': None, 'weights_cx': None, 'opt_within': None, 'opt_final': None, 'opt_select': None, 'sel_scheme': None, 'vals': {'Hadamard': 1, 'Not': 1, 'Pauli Y': 1, 'Pauli Z': 1, 'Controlled Not': 2, 'Controlled Y': 2, 'Controlled Z': 2, 'Swap': 2, 'Rotate Z': 1, 'Rotate X': 1, 'Rotate Y': 1, 'Controlled U': 2, 'Rotate ZZ': 2, 'Rotate XX': 2, 'Rotate YY': 2}, 'par_nums': {'Hadamard': 0, 'Not': 0, 'Pauli Y': 0, 'Pauli Z': 0, 'Controlled Not': 0, 'Controlled Y': 0, 'Controlled Z': 0, 'Swap': 0, 'Rotate Z': 1, 'Rotate X': 1, 'Rotate Y': 1, 'Controlled U': 4, 'Rotate ZZ': 1, 'Rotate XX': 1, 'Rotate YY': 1}, 'names': {'Hadamard': 'h', 'Not': 'x', 'Pauli Y': 'y', 'Pauli Z': 'z', 'Controlled Not': 'cx', 'Controlled Y': 'cy', 'Controlled Z': 'cz', 'Swap': 'swap', 'Rotate Z': 'rz', 'Rotate X': 'rx', 'Rotate Y': 'ry', 'Controlled U': 'cu', 'Rotate ZZ': 'rzz', 'Rotate XX': 'rxx', 'Rotate YY': 'ryy'}, 'weights_gates': array([0.06666667, 0.06666667, 0.06666667, 0.06666667, 0.06666667,
       0.06666667, 0.06666667, 0.06666667, 0.06666667, 0.06666667,
       0.06666667, 0.06666667, 0.06666667, 0.06666667, 0.06666667]), 'Non_func_gates': ['x', 'y', 'z', 'cx', 'cy', 'cz', 'swap', 'h', 'rz', 'rx', 'ry', 'cu', 'rzz', 'ryy', 'rxx'], 'e_gate': <src.Gates_var.ElementaryGate object at 0x2aaaabaa1f10>, 'overall_QC': <qiskit.circuit.quantumcircuit.QuantumCircuit object at 0x2aaab57d2310>, 'overall_qubits': 4, 'qubits': 4, 'weights': (1.0, -1.0, -1.0, -1.0, -1.0), 'M': 5, 'operand': range(0, 4), 'operator': ['Hadamard', 'Not', 'Pauli Y', 'Pauli Z', 'Controlled Not', 'Controlled Y', 'Controlled Z', 'Swap', 'Rotate Z', 'Rotate X', 'Rotate Y', 'Controlled U', 'Rotate ZZ', 'Rotate XX', 'Rotate YY'], 'basis': ['h', 'x', 'y', 'z', 'cx', 'cy', 'cz', 'swap', 'rz', 'rx', 'ry', 'cu', 'rzz', 'rxx', 'ryy']}
