Initialization done! Doing GP now...
gen	evals	std                                                     	min             	avg                                                          	max                                                          
0  	33   	[0.23654741 7.40523231 4.60885083 4.26422968 7.12243703]	[0. 2. 1. 1. 0.]	[ 0.49443    14.36363636  9.03030303  7.75757576 10.75757576]	[ 0.95734667 27.         18.         16.         27.        ]
1  	33   	[0.2640608  7.38660839 4.41634829 3.82922885 7.32268197]	[0. 2. 1. 1. 0.]	[ 0.53141558 12.27272727  7.63636364  6.39393939 10.12121212]	[ 0.95734667 30.         19.         16.         27.        ]
2  	33   	[0.20980723 6.3840941  3.56753034 3.4211571  6.40090099]	[0. 2. 1. 1. 0.]	[ 0.58734286 11.6969697   7.          5.84848485  8.75757576]	[ 0.9824568 29.        16.        17.        25.       ]     
3  	33   	[0.22733434 6.76660628 4.0608322  3.85551732 6.74812493]	[0. 2. 1. 1. 0.]	[ 0.5844088  10.6969697   6.54545455  5.72727273  7.90909091]	[ 0.9824568 29.        16.        17.        25.       ]     
4  	33   	[0.21358349 7.19057132 4.33471052 4.13611388 6.36291482]	[0. 2. 1. 1. 0.]	[ 0.64525246 10.84848485  6.57575758  5.72727273  8.57575758]	[ 0.98550163 29.         16.         17.         25.        ]
5  	33   	[0.17829867 6.40520335 3.74705271 3.43722399 5.37825435]	[0.28867513 2.         1.         0.         0.        ]	[0.62332717 9.39393939 5.66666667 4.60606061 7.27272727]     	[ 0.98550163 28.         16.         15.         22.        ]
6  	33   	[0.18993681 6.89205769 4.13500366 4.19781744 5.46077086]	[0.28867513 2.         1.         0.         0.        ]	[0.62995894 8.78787879 5.48484848 4.78787879 6.57575758]     	[ 0.98898289 30.         19.         20.         22.        ]
7  	33   	[0.19400999 7.06652113 4.10826844 4.31219681 5.76841086]	[0.28867513 2.         1.         0.         0.        ]	[0.63424238 8.39393939 5.3030303  4.63636364 6.42424242]     	[ 0.98898289 30.         19.         20.         22.        ]
8  	33   	[0.1991458  7.11585872 4.14830666 4.27648663 5.83488763]	[0.28867513 2.         1.         0.         0.        ]	[0.62103916 8.03030303 5.06060606 4.21212121 6.12121212]     	[ 0.98898289 30.         19.         20.         22.        ]
9  	33   	[0.19574309 7.23779489 4.13433739 4.45918126 5.80680706]	[0.28867513 2.         1.         0.         0.        ]	[0.65445465 8.90909091 5.42424242 4.54545455 6.90909091]     	[ 0.98934183 30.         18.         20.         21.        ]
10 	33   	[0.18482251 6.15367927 3.44176263 3.52792871 5.03614119]	[0.28867513 2.         1.         0.         0.        ]	[0.65147354 8.63636364 5.18181818 4.09090909 6.6969697 ]     	[ 0.99902502 27.         15.         14.         19.        ]
11 	33   	[0.18046309 6.0068831  3.23320695 3.2945401  4.75883018]	[0.28867513 2.         1.         0.         0.        ]	[0.62837503 8.09090909 4.6969697  3.45454545 6.33333333]     	[ 0.99902502 27.         15.         14.         19.        ]
12 	33   	[0.17893557 5.88830844 3.17531804 3.32201937 4.61840451]	[0.28867513 2.         1.         0.         0.        ]	[0.64074619 8.54545455 4.90909091 3.54545455 6.60606061]     	[ 0.99902502 27.         15.         14.         19.        ]
13 	33   	[0.1653906  6.02748526 2.91319155 2.74539434 3.92631863]	[0.28867513 2.         1.         0.         0.        ]	[0.62383586 8.81818182 4.75757576 3.09090909 6.09090909]     	[ 0.99902502 27.         15.         14.         15.        ]
14 	33   	[0.17238532 5.52729266 2.71647695 2.67937742 3.71307965]	[0.28867513 2.         1.         0.         0.        ]	[0.59869597 7.45454545 4.21212121 2.81818182 5.3030303 ]     	[ 0.99902502 27.         15.         14.         15.        ]
15 	33   	[0.16786145 5.40940921 2.75541041 2.71647695 3.59981634]	[0.28867513 2.         1.         0.         0.        ]	[0.61205184 7.63636364 4.27272727 2.87878788 5.63636364]     	[ 0.99902502 27.         15.         14.         15.        ]
16 	33   	[0.17133885 5.47689026 2.79347265 2.7353416  3.56701551]	[0.28867513 2.         1.         0.         0.        ]	[0.60543173 7.39393939 4.12121212 2.81818182 5.39393939]     	[ 0.99902502 27.         15.         14.         15.        ]
The found oracle is/are:  (<qiskit.circuit.quantumcircuit.QuantumCircuit object at 0x2aaac0d40700>, [0.9990250163, 27, 15, 14, 15], Statevector([-0.00228052-0.00327931j,  0.01462325-0.00621414j,
              0.01390814-0.00774952j, -0.34544461+0.22882615j,
             -0.0125624 +0.01188587j, -0.33604937+0.23045663j,
             -0.33395264+0.2203596j ,  0.00039488+0.0005833j ,
             -0.00054348-0.00085633j, -0.32960293+0.22859426j,
             -0.33527053+0.23362931j, -0.01274617+0.0115935j ,
             -0.34179167+0.23631038j,  0.01484813-0.00624999j,
              0.01381183-0.00727388j, -0.00215125-0.00326959j],
            dims=(2, 2, 2, 2)))
GP, Selection, Overall duration:  2954.5729100704193 20.744136333465576 2975.317046403885
[('Rotate YY', array([3, 1]), [0.734312508746904]), ('Swap', array([1, 2])), ('Rotate Z', [0], [0.31625643620102817]), ('Rotate X', [0], [0.6558236209096181]), ('Rotate XX', array([1, 3]), [0.9940277306460067]), ('Rotate Z', [1], [0.046449747548455655]), ('Controlled Not', array([3, 1])), ('Rotate ZZ', array([2, 1]), [0.8135869157748211]), ('Not', [1]), ('Controlled Z', array([3, 2])), ('Rotate YY', array([3, 0]), [0.2459030652172164]), ('Rotate Z', [1], [0.59336243724389]), ('Rotate X', [1], [0.417695931514416]), ('Controlled Z', array([3, 2])), ('Pauli Y', [0]), ('Controlled U', array([0, 2]), [0.14724849679739727, 0.4229448331030329, 0.25906891253154074, 0.9362573686926484]), ('Pauli Z', [3]), ('Pauli Y', [2]), ('Controlled Y', array([0, 1])), ('Controlled Z', array([2, 1])), ('Rotate X', [3], [0.884003797845271]), ('Pauli Z', [3]), ('Pauli Y', [3]), ('Swap', array([1, 2])), ('Not', [1]), ('Rotate YY', array([0, 3]), [0.4022630497964045]), ('Controlled Y', array([1, 0]))] (0.9990250163, 27.0, 15.0, 14.0, 15.0)
[('Rotate XX', array([2, 1]), [0.9360304885587454]), ('Rotate X', [0], [0.7024961722995634]), ('Hadamard', [0]), ('Controlled U', array([1, 0]), [0.09541604832541106, 0.9311515509272824, 0.9959781983472054, 0.0026351977770004975]), ('Rotate YY', array([3, 1]), [0.7235711262455038]), ('Not', [3]), ('Rotate YY', array([2, 3]), [0.9620060373145797]), ('Controlled U', array([3, 2]), [0.20099744972686429, 0.8937700711383251, 0.834105544362227, 0.7691020553331963]), ('Swap', array([0, 1])), ('Rotate Z', [1], [0.4589106453563675]), ('Not', [2]), ('Controlled Y', array([1, 0]))] (0.9855959394, 12.0, 8.0, 7.0, 13.0)
[('Rotate YY', array([2, 0]), [0.8840167949591733]), ('Rotate Y', [3], [0.7321518215751606]), ('Swap', array([0, 1])), ('Rotate XX', array([2, 0]), [0.1778107073886479]), ('Rotate Z', [3], [0.019316149550189232]), ('Controlled Not', array([2, 3])), ('Controlled Y', array([3, 0])), ('Controlled U', array([2, 3]), [0.3987241195861708, 0.22509443374362215, 0.5171908353247853, 0.42391461257010543])] (0.9340308272, 8.0, 6.0, 6.0, 8.0)
[('Rotate YY', array([2, 0]), [0.8840167949591733]), ('Rotate Y', [3], [0.7321518215751606]), ('Rotate YY', array([1, 0]), [0.07721432523350169]), ('Rotate ZZ', array([0, 3]), [0.34514958054769784]), ('Not', [3]), ('Controlled Y', array([3, 0])), ('Controlled U', array([2, 3]), [0.3987241195861708, 0.22509443374362215, 0.5171908353247853, 0.42391461257010543])] (0.8660254037, 7.0, 6.0, 5.0, 8.0)
[('Rotate YY', array([2, 0]), [0.8840167949591733]), ('Rotate Y', [3], [0.7321518215751606]), ('Swap', array([0, 1])), ('Rotate XX', array([2, 0]), [0.1778107073886479]), ('Swap', array([1, 0])), ('Rotate Z', [3], [0.019316149550189232]), ('Controlled Not', array([2, 3])), ('Controlled Y', array([3, 0])), ('Rotate Y', [0], [0.8954871127328138]), ('Rotate Y', [3], [0.6066077740046377])] (0.8164965807, 10.0, 6.0, 6.0, 6.0)
[('Rotate YY', array([2, 0]), [0.8840167949591733]), ('Rotate Y', [3], [0.7321518215751606]), ('Rotate Z', [2], [0.3396692859957786]), ('Controlled Y', array([3, 0])), ('Rotate X', [0], [0.7024961722995634]), ('Rotate YY', array([1, 3]), [0.4689312531178761]), ('Controlled U', array([2, 3]), [0.3987241195861708, 0.22509443374362215, 0.5171908353247853, 0.42391461257010543]), ('Pauli Y', [3])] (0.7246249601, 8.0, 5.0, 4.0, 9.0)
[('Pauli Y', [3]), ('Rotate YY', array([1, 3]), [0.4689312531178761]), ('Rotate YY', array([2, 0]), [0.8840167949591733]), ('Rotate X', [0], [0.7024961722995634]), ('Controlled U', array([2, 3]), [0.3987241195861708, 0.22509443374362215, 0.5171908353247853, 0.42391461257010543])] (0.7071067811, 5.0, 3.0, 3.0, 7.0)
[('Pauli Z', [0]), ('Controlled Z', array([2, 0])), ('Rotate ZZ', array([2, 0]), [0.16835987264128072]), ('Rotate YY', array([1, 2]), [0.47031398386364276]), ('Rotate XX', array([0, 1]), [0.15075165230974175]), ('Rotate ZZ', array([3, 1]), [0.8626131355748892])] (0.6605596097, 6.0, 6.0, 5.0, 4.0)
[('Controlled Z', array([0, 3])), ('Rotate Y', [3], [0.47241632870271544]), ('Rotate X', [2], [0.024929221077071517]), ('Rotate YY', array([1, 0]), [0.07721432523350169]), ('Rotate ZZ', array([0, 2]), [0.5585787521670773]), ('Not', [3]), ('Controlled Not', array([3, 1])), ('Rotate Y', [0], [0.8954871127328138])] (0.6605596097, 8.0, 4.0, 4.0, 5.0)
[('Rotate XX', array([2, 1]), [0.9360304885587454]), ('Rotate X', [0], [0.7024961722995634]), ('Rotate Y', [2], [0.16782286971096871]), ('Pauli Y', [3]), ('Rotate X', [3], [0.4882897804663088]), ('Rotate Y', [0], [0.9006603785672901]), ('Pauli Z', [0]), ('Rotate Z', [3], [0.9663215383671662]), ('Controlled U', array([3, 2]), [0.20099744972686429, 0.8937700711383251, 0.834105544362227, 0.7691020553331963]), ('Not', [2])] (0.6605596094, 10.0, 5.0, 2.0, 10.0)
[('Rotate YY', array([3, 1]), [0.734312508746904]), ('Swap', array([1, 2])), ('Rotate Z', [0], [0.31625643620102817]), ('Rotate X', [0], [0.6558236209096181]), ('Rotate XX', array([1, 3]), [0.9940277306460067]), ('Rotate YY', array([3, 1]), [0.011089151102336214]), ('Rotate YY', array([2, 1]), [0.6888799094317558])] (0.6454972244, 7.0, 5.0, 5.0, 6.0)
[('Rotate XX', array([2, 1]), [0.9360304885587454]), ('Rotate X', [0], [0.7024961722995634]), ('Pauli Y', [3]), ('Rotate X', [3], [0.4882897804663088]), ('Rotate Y', [0], [0.9006603785672901]), ('Pauli Z', [0]), ('Rotate Z', [3], [0.9663215383671662]), ('Pauli Z', [1]), ('Rotate Y', [0], [0.0168923701405298]), ('Pauli Z', [1]), ('Not', [3]), ('Rotate X', [1], [0.5275820227450213]), ('Rotate X', [2], [0.508889563982342]), ('Rotate Z', [3], [0.5124131165347162]), ('Rotate Y', [2], [0.16782286971096871])] (0.6454972243, 15.0, 5.0, 1.0, 10.0)
[('Controlled Y', array([0, 3])), ('Rotate X', [0], [0.7024961722995634]), ('Pauli Y', [3]), ('Rotate YY', array([1, 3]), [0.4689312531178761]), ('Hadamard', [3]), ('Pauli Z', [0]), ('Rotate Z', [3], [0.9663215383671662]), ('Pauli Z', [1]), ('Rotate Y', [0], [0.0168923701405298]), ('Pauli Z', [1]), ('Not', [3]), ('Rotate X', [1], [0.5275820227450213]), ('Rotate X', [2], [0.508889563982342]), ('Rotate Z', [3], [0.5124131165347162]), ('Rotate Y', [2], [0.16782286971096871])] (0.6454972243, 15.0, 7.0, 2.0, 8.0)
[('Pauli Z', [2]), ('Controlled Not', array([3, 2])), ('Pauli Y', [3]), ('Rotate YY', array([1, 3]), [0.4689312531178761]), ('Hadamard', [0]), ('Rotate X', [3], [0.4882897804663088]), ('Rotate Y', [1], [0.9006603785672901]), ('Pauli Z', [0]), ('Pauli Y', [2]), ('Rotate Z', [3], [0.9663215383671662]), ('Rotate X', [0], [0.053471772036792875]), ('Rotate Y', [0], [0.8954871127328138]), ('Rotate Y', [3], [0.6066077740046377]), ('Rotate Y', [2], [0.16782286971096871])] (0.6454972241, 14.0, 7.0, 2.0, 8.0)
[('Rotate XX', array([2, 1]), [0.9360304885587454]), ('Rotate X', [0], [0.6558236209096181]), ('Rotate XX', array([1, 3]), [0.9940277306460067]), ('Rotate YY', array([3, 1]), [0.011089151102336214]), ('Rotate YY', array([2, 3]), [0.6888799094317558])] (0.645497224, 5.0, 4.0, 4.0, 5.0)
[('Rotate XX', array([1, 0]), [0.6815619439259182]), ('Rotate YY', array([1, 3]), [0.9025008875955456]), ('Rotate YY', array([3, 1]), [0.834275236512393]), ('Rotate YY', array([2, 1]), [0.30162455888260975])] (0.6123724357, 4.0, 4.0, 4.0, 4.0)
[('Rotate XX', array([2, 1]), [0.9360304885587454]), ('Rotate X', [0], [0.7024961722995634]), ('Pauli Y', [3]), ('Rotate YY', array([1, 3]), [0.4689312531178761]), ('Rotate YY', array([1, 0]), [0.07721432523350169])] (0.6123724356, 5.0, 3.0, 3.0, 4.0)
[('Controlled Y', array([0, 3])), ('Rotate X', [0], [0.7024961722995634]), ('Pauli Y', [3]), ('Rotate X', [3], [0.4882897804663088]), ('Controlled Not', array([1, 0])), ('Pauli Z', [0]), ('Rotate Z', [3], [0.9663215383671662]), ('Pauli Z', [1]), ('Rotate Y', [0], [0.0168923701405298]), ('Pauli Z', [1]), ('Not', [3]), ('Rotate X', [1], [0.5275820227450213]), ('Rotate X', [2], [0.508889563982342]), ('Rotate Z', [3], [0.5124131165347162]), ('Rotate Y', [2], [0.16782286971096871])] (0.6123724356, 15.0, 6.0, 2.0, 8.0)
[('Rotate XX', array([2, 1]), [0.9360304885587454]), ('Rotate YY', array([1, 3]), [0.4689312531178761]), ('Rotate YY', array([1, 0]), [0.07721432523350169]), ('Not', [1]), ('Pauli Y', [3])] (0.6123724355, 5.0, 4.0, 3.0, 3.0)
[('Not', [0]), ('Rotate X', [0], [0.7024961722995634]), ('Pauli Y', [3]), ('Rotate X', [3], [0.4882897804663088]), ('Rotate Z', [3], [0.22558602385874338]), ('Pauli Z', [0]), ('Rotate Z', [3], [0.9663215383671662]), ('Pauli Z', [1]), ('Rotate Y', [0], [0.0168923701405298]), ('Pauli Z', [1]), ('Not', [3]), ('Rotate X', [1], [0.5275820227450213]), ('Rotate X', [2], [0.508889563982342]), ('Rotate Y', [2], [0.16782286971096871])] (0.6123724355, 14.0, 5.0, 0.0, 8.0)
[('Rotate YY', array([1, 3]), [0.4689312531178761]), ('Rotate Z', [3], [0.22558602385874338]), ('Rotate YY', array([1, 0]), [0.07721432523350169])] (0.5773502692, 3.0, 2.0, 2.0, 3.0)
[('Rotate Z', [3], [0.22558602385874338]), ('Not', [1]), ('Hadamard', [1]), ('Pauli Z', [3]), ('Controlled Not', array([0, 2])), ('Pauli Z', [2]), ('Controlled Not', array([1, 0])), ('Pauli Y', [2]), ('Pauli Y', [1]), ('Swap', array([0, 2]))] (0.5773502692, 10.0, 4.0, 3.0, 1.0)
[('Controlled Y', array([0, 3])), ('Rotate X', [0], [0.053471772036792875]), ('Controlled Y', array([0, 3])), ('Rotate XX', array([1, 0]), [0.6815619439259182])] (0.5773502691, 4.0, 4.0, 3.0, 2.0)
[('Rotate YY', array([2, 0]), [0.8840167949591733]), ('Rotate Y', [2], [0.16782286971096871]), ('Rotate Y', [0], [0.8954871127328138]), ('Rotate Y', [3], [0.6066077740046377]), ('Rotate X', [0], [0.053471772036792875])] (0.577350269, 5.0, 3.0, 1.0, 5.0)
[('Rotate YY', array([2, 0]), [0.834275236512393]), ('Rotate YY', array([2, 1]), [0.30162455888260975])] (0.4714045208, 2.0, 2.0, 2.0, 2.0)
[('Rotate Y', [2], [0.16782286971096871]), ('Rotate Y', [0], [0.8954871127328138]), ('Rotate YY', array([2, 1]), [0.30162455888260975]), ('Rotate X', [0], [0.053471772036792875]), ('Rotate Y', [3], [0.6066077740046377])] (0.4714045208, 5.0, 2.0, 1.0, 5.0)
[('Controlled Y', array([0, 3])), ('Rotate Y', [2], [0.16782286971096871]), ('Rotate Y', [0], [0.8954871127328138]), ('Rotate X', [0], [0.053471772036792875]), ('Rotate Y', [3], [0.6066077740046377])] (0.4714045208, 5.0, 3.0, 1.0, 4.0)
[('Rotate Z', [3], [0.22558602385874338]), ('Rotate X', [0], [0.053471772036792875]), ('Rotate Y', [2], [0.16782286971096871]), ('Rotate Y', [0], [0.8954871127328138]), ('Rotate Y', [3], [0.6066077740046377])] (0.4714045207, 5.0, 2.0, 0.0, 5.0)
[('Rotate Z', [3], [0.22558602385874338]), ('Rotate YY', array([2, 1]), [0.834275236512393])] (0.4082482905, 2.0, 1.0, 1.0, 2.0)
[('Rotate YY', array([2, 1]), [0.30162455888260975]), ('Rotate Z', [3], [0.8622353715406026])] (0.4082482905, 2.0, 1.0, 1.0, 2.0)
[('Rotate Z', [3], [0.22558602385874338]), ('Rotate YY', array([2, 0]), [0.834275236512393])] (0.4082482905, 2.0, 1.0, 1.0, 2.0)
[('Rotate XX', array([1, 0]), [0.6815619439259182]), ('Rotate Z', [3], [0.22558602385874338])] (0.4082482905, 2.0, 1.0, 1.0, 2.0)
[('Rotate Z', [3], [0.22558602385874338]), ('Rotate XX', array([1, 0]), [0.6815619439259182])] (0.4082482905, 2.0, 1.0, 1.0, 2.0)
[('Not', [0]), ('Rotate Y', [0], [0.06105437907860267]), ('Not', [3])] (0.4082482905, 3.0, 2.0, 0.0, 1.0)
[('Swap', array([0, 2])), ('Not', [3]), ('Hadamard', [1]), ('Hadamard', [2])] (0.4082482905, 4.0, 2.0, 1.0, 0.0)
[('Rotate XX', array([1, 0]), [0.6815619439259182]), ('Pauli Z', [3])] (0.4082482904, 2.0, 1.0, 1.0, 1.0)
[('Not', [0]), ('Hadamard', [2])] (0.2886751346, 2.0, 1.0, 0.0, 0.0)
Settings for this run are:
{'N': 33, 'use_numerical_optimizer': 'yes', 'NGEN': 17, 'CXPB': 1.0, 'MUTPB': 1.0, 'gateset': 'variable', 'numerical_optimizer': 'Nelder-Mead', 'Sorted_order': [-1, 2, 3, 4, 5], 'target': array([0.        , 0.        , 0.        , 0.40824829, 0.        ,
       0.40824829, 0.40824829, 0.        , 0.        , 0.40824829,
       0.40824829, 0.        , 0.40824829, 0.        , 0.        ,
       0.        ]), 'target_pos': 1, 'filename': 'U_S.txt', 'max_gates': 30, 'prob': None, 'weights_mut': None, 'weights_cx': None, 'opt_within': None, 'opt_final': None, 'opt_select': None, 'sel_scheme': None, 'vals': {'Hadamard': 1, 'Not': 1, 'Pauli Y': 1, 'Pauli Z': 1, 'Controlled Not': 2, 'Controlled Y': 2, 'Controlled Z': 2, 'Swap': 2, 'Rotate Z': 1, 'Rotate X': 1, 'Rotate Y': 1, 'Controlled U': 2, 'Rotate ZZ': 2, 'Rotate XX': 2, 'Rotate YY': 2}, 'par_nums': {'Hadamard': 0, 'Not': 0, 'Pauli Y': 0, 'Pauli Z': 0, 'Controlled Not': 0, 'Controlled Y': 0, 'Controlled Z': 0, 'Swap': 0, 'Rotate Z': 1, 'Rotate X': 1, 'Rotate Y': 1, 'Controlled U': 4, 'Rotate ZZ': 1, 'Rotate XX': 1, 'Rotate YY': 1}, 'names': {'Hadamard': 'h', 'Not': 'x', 'Pauli Y': 'y', 'Pauli Z': 'z', 'Controlled Not': 'cx', 'Controlled Y': 'cy', 'Controlled Z': 'cz', 'Swap': 'swap', 'Rotate Z': 'rz', 'Rotate X': 'rx', 'Rotate Y': 'ry', 'Controlled U': 'cu', 'Rotate ZZ': 'rzz', 'Rotate XX': 'rxx', 'Rotate YY': 'ryy'}, 'weights_gates': array([0.06666667, 0.06666667, 0.06666667, 0.06666667, 0.06666667,
       0.06666667, 0.06666667, 0.06666667, 0.06666667, 0.06666667,
       0.06666667, 0.06666667, 0.06666667, 0.06666667, 0.06666667]), 'Non_func_gates': ['x', 'y', 'z', 'cx', 'cy', 'cz', 'swap', 'h', 'rz', 'rx', 'ry', 'cu', 'rzz', 'ryy', 'rxx'], 'e_gate': <src.Gates_var.ElementaryGate object at 0x2aaaabaa1f10>, 'overall_QC': <qiskit.circuit.quantumcircuit.QuantumCircuit object at 0x2aaab57d2310>, 'overall_qubits': 4, 'qubits': 4, 'weights': (1.0, -1.0, -1.0, -1.0, -1.0), 'M': 5, 'operand': range(0, 4), 'operator': ['Hadamard', 'Not', 'Pauli Y', 'Pauli Z', 'Controlled Not', 'Controlled Y', 'Controlled Z', 'Swap', 'Rotate Z', 'Rotate X', 'Rotate Y', 'Controlled U', 'Rotate ZZ', 'Rotate XX', 'Rotate YY'], 'basis': ['h', 'x', 'y', 'z', 'cx', 'cy', 'cz', 'swap', 'rz', 'rx', 'ry', 'cu', 'rzz', 'rxx', 'ryy']}
